PLUMED: PLUMED is starting
PLUMED: Version: 2.9.0 (git: Unknown) compiled on Jun 14 2023 at 17:50:39
PLUMED: Please cite these papers when using PLUMED [1][2]
PLUMED: For further information see the PLUMED web page at http://www.plumed.org
PLUMED: Root: /root/plumed/plumed-2.9.0-pytorch/lib/plumed
PLUMED: For installed feature, see /root/plumed/plumed-2.9.0-pytorch/lib/plumed/src/config/config.txt
PLUMED: Molecular dynamics engine: mdrunner_linearexpansion
PLUMED: Precision of reals: 8
PLUMED: Running over 1 node
PLUMED: Number of threads: 1
PLUMED: Cache line size: 512
PLUMED: Number of atoms: 1
PLUMED: File suffix: 
PLUMED: FILE: plumed.dat
PLUMED: Action UNITS
PLUMED:   with label @0
PLUMED:   length: nm
PLUMED:   energy: kj/mol
PLUMED:   time: ps
PLUMED:   charge: e
PLUMED:   mass: amu
PLUMED:   using natural units
PLUMED:   inside PLUMED, Boltzmann constant is 1
PLUMED: Action POSITION
PLUMED:   with label p
PLUMED:   for atom 1
PLUMED:   using periodic boundary conditions
PLUMED:   added component to this action:  p.x 
PLUMED:   added component to this action:  p.y 
PLUMED:   added component to this action:  p.z 
PLUMED:   WARNING: components will not have the proper periodicity - see manual
PLUMED: Action CUSTOM
PLUMED:   with label ene
PLUMED:   with arguments p.x p.y
PLUMED:   with function : (146.7-200*exp(-1*(x-1)^2+0*(x-1)*(y-0)-10*(y-0)^2)-100*exp(-1*(x-0)^2+0*(x-0)*(y-0.5)-10*(y-0.5)^2)-170*exp(-6.5*(x+0.5)^2+11*(x+0.5)*(y-1.5)-6.5*(y-1.5)^2)+15*exp(0.7*(x+1)^2+0.6*(x+1)*(y-1)+0.7*(y-1)^2))
PLUMED:   with variables : x y
PLUMED:   function as parsed by lepton: ((((146.7)-(200*(exp((-1*(square(-1+(x))))-(10*(square(y)))))))-(100*(exp((-1*(square(x)))-(10*(square(-0.5+(y))))))))-(170*(exp(((-6.5*(square(0.5+(x))))+((11*(0.5+(x)))*(-1.5+(y))))-(6.5*(square(-1.5+(y))))))))+(15*(exp(((0.7*(square(1+(x))))+((0.6*(1+(x)))*(-1+(y))))+(0.7*(square(-1+(y)))))))
PLUMED:   derivatives as computed by lepton:
PLUMED:     (((-200*((exp((-1*(square(-1+(x))))-(10*(square(y)))))*(-2*(-1+(x)))))-(100*((exp((-1*(square(x)))-(10*(square(-0.5+(y))))))*(-2*(x)))))-(170*((exp(((-6.5*(square(0.5+(x))))+((11*(0.5+(x)))*(-1.5+(y))))-(6.5*(square(-1.5+(y))))))*((-13*(0.5+(x)))+(11*(-1.5+(y)))))))+(15*((exp(((0.7*(square(1+(x))))+((0.6*(1+(x)))*(-1+(y))))+(0.7*(square(-1+(y))))))*((1.4*(1+(x)))+(0.6*(-1+(y))))))
PLUMED:     (((200*((exp((-1*(square(-1+(x))))-(10*(square(y)))))*(20*(y))))-(-100*((exp((-1*(square(x)))-(10*(square(-0.5+(y))))))*(20*(-0.5+(y))))))-(170*((exp(((-6.5*(square(0.5+(x))))+((11*(0.5+(x)))*(-1.5+(y))))-(6.5*(square(-1.5+(y))))))*((11*(0.5+(x)))-(13*(-1.5+(y)))))))+(15*((exp(((0.7*(square(1+(x))))+((0.6*(1+(x)))*(-1+(y))))+(0.7*(square(-1+(y))))))*((0.6*(1+(x)))+(1.4*(-1+(y))))))
PLUMED: Action BIASVALUE
PLUMED:   with label pot
PLUMED:   with arguments ene
PLUMED:   added component to this action:  pot.bias 
PLUMED:   added component to this action:  pot.ene_bias 
PLUMED: Action LOWER_WALLS
PLUMED:   with label lwall
PLUMED:   with arguments p.x
PLUMED:   added component to this action:  lwall.bias 
PLUMED:   at -1.300000
PLUMED:   with an offset 0.000000
PLUMED:   with force constant 1000.000000
PLUMED:   and exponent 2.000000
PLUMED:   rescaled 1.000000
PLUMED:   added component to this action:  lwall.force2 
PLUMED: Action UPPER_WALLS
PLUMED:   with label uwall
PLUMED:   with arguments p.x
PLUMED:   added component to this action:  uwall.bias 
PLUMED:   at 1.000000
PLUMED:   with an offset 0.000000
PLUMED:   with force constant 1000.000000
PLUMED:   and exponent 2.000000
PLUMED:   rescaled 1.000000
PLUMED:   added component to this action:  uwall.force2 
PLUMED: Action PRINT
PLUMED:   with label @6
PLUMED:   with stride 1
PLUMED:   with arguments p.x p.y ene
PLUMED:   on file COLVAR_15.00
PLUMED:   with format  %f
PLUMED: END FILE: plumed.dat
PLUMED: Timestep: 0.005000
PLUMED: KbT: 15.000000
PLUMED: Relevant bibliography:
PLUMED:   [1] The PLUMED consortium, Nat. Methods 16, 670 (2019)
PLUMED:   [2] Tribello, Bonomi, Branduardi, Camilloni, and Bussi, Comput. Phys. Commun. 185, 604 (2014)
PLUMED: Please read and cite where appropriate!
PLUMED: Finished setup
PLUMED:                                               Cycles        Total      Average      Minimum      Maximum
PLUMED:                                                    1    15.227462    15.227462    15.227462    15.227462
PLUMED: 1 Prepare dependencies                        500001     0.165832     0.000000     0.000000     0.000485
PLUMED: 2 Sharing data                                500001     0.343174     0.000001     0.000001     0.000601
PLUMED: 3 Waiting for data                            500001     0.059843     0.000000     0.000000     0.000330
PLUMED: 4 Calculating (forward loop)                  500001     2.812104     0.000006     0.000005     0.001958
PLUMED: 5 Applying (backward loop)                    500001     1.440787     0.000003     0.000002     0.000768
PLUMED: 6 Update                                      500001     9.218489     0.000018     0.000002     0.010868
