0 0.000000 0.623500 0.028100 0.000000 2.079599 1.386399 0.000000 0.000000 
0 0.000000 0.625015 0.025612 0.000000 2.205645 1.656032 0.000000 -0.278403 
1000 5.000000 0.049284 0.436105 0.000000 -23.968970 4.313276 0.000000 -30.438884 
2000 10.000000 0.289927 0.027127 0.000000 -15.445211 10.647799 0.000000 -31.416909 
3000 15.000000 0.093543 0.306455 0.000000 -33.346142 0.302942 0.000000 -33.800555 
4000 20.000000 0.269692 0.131259 0.000000 -3.194082 37.220427 0.000000 -59.024722 
5000 25.000000 0.816646 0.002692 0.000000 -4.407338 10.047659 0.000000 -19.478826 
6000 30.000000 0.411089 0.193823 0.000000 -19.139868 7.110303 0.000000 -29.805322 
7000 35.000000 -0.093959 0.372139 0.000000 -17.294037 24.902379 0.000000 -54.647605 
8000 40.000000 0.624497 0.038588 0.000000 5.170641 2.884964 0.000000 0.843196 
9000 45.000000 -0.429502 1.798830 0.000000 -23.242359 6.377218 0.000000 -32.808186 
10000 50.000000 -0.672450 1.344839 0.000000 38.700315 1.597056 0.000000 36.304730 
11000 55.000000 -0.934545 1.124056 0.000000 1.297633 0.773494 0.000000 0.137392 
12000 60.000000 -0.603794 1.531730 0.000000 32.392411 15.726804 0.000000 8.802204 
13000 65.000000 -0.866612 1.085306 0.000000 5.851550 0.547570 0.000000 5.030194 
14000 70.000000 -0.448000 1.589501 0.000000 38.932505 8.878453 0.000000 25.614826 
15000 75.000000 -0.691795 1.356174 0.000000 38.503206 4.897787 0.000000 31.156526 
16000 80.000000 -0.723449 1.301444 0.000000 37.468654 8.437322 0.000000 24.812671 
17000 85.000000 -0.757941 1.369225 0.000000 39.583658 36.136440 0.000000 -14.621002 
18000 90.000000 -0.647940 1.436773 0.000000 40.151574 10.944829 0.000000 23.734331 
19000 95.000000 -0.404581 1.603074 0.000000 34.690220 5.865933 0.000000 25.891321 
20000 100.000000 -0.412363 1.504702 0.000000 48.263558 33.522077 0.000000 -2.019558 
21000 105.000000 -0.335174 1.675202 0.000000 24.362644 10.005865 0.000000 9.353846 
22000 110.000000 -0.968045 1.129083 0.000000 -3.179990 5.157281 0.000000 -10.915910 
23000 115.000000 -0.523551 1.499359 0.000000 43.738437 6.307595 0.000000 34.277045 
24000 120.000000 -0.507812 1.469632 0.000000 51.831806 20.962584 0.000000 20.387931 
25000 125.000000 -0.434299 1.510863 0.000000 39.836666 6.721815 0.000000 29.753943 
26000 130.000000 -0.869111 1.149929 0.000000 33.793184 42.481494 0.000000 -29.929058 
27000 135.000000 -0.436499 1.537328 0.000000 49.012058 22.179394 0.000000 15.742966 
28000 140.000000 -0.603433 1.280894 0.000000 37.853958 19.692850 0.000000 8.314683 
29000 145.000000 -0.725382 1.486592 0.000000 6.116737 2.478234 0.000000 2.399386 
30000 150.000000 -0.900060 1.174207 0.000000 9.123749 0.520065 0.000000 8.343652 
31000 155.000000 -0.497814 1.518966 0.000000 50.759576 17.142747 0.000000 25.045455 
32000 160.000000 -0.418256 1.582158 0.000000 39.174024 8.660251 0.000000 26.183648 
33000 165.000000 -0.607330 1.107343 0.000000 -20.707019 10.427685 0.000000 -36.348547 
34000 170.000000 -0.488484 1.548553 0.000000 40.158259 3.266300 0.000000 35.258809 
35000 175.000000 -0.604916 1.296973 0.000000 62.837081 66.339084 0.000000 -36.671545 
36000 180.000000 -0.562481 1.366194 0.000000 38.421645 4.296582 0.000000 31.976773 
37000 185.000000 -0.358770 1.534141 0.000000 23.829011 4.159178 0.000000 17.590244 
38000 190.000000 -0.368251 1.688817 0.000000 24.442836 12.654640 0.000000 5.460877 
39000 195.000000 -0.715895 1.323616 0.000000 35.598074 3.539377 0.000000 30.289009 
40000 200.000000 -0.782906 1.186357 0.000000 26.870468 10.063938 0.000000 11.774562 
41000 205.000000 -0.706688 1.338740 0.000000 35.237663 0.590377 0.000000 34.352097 
42000 210.000000 -0.646204 1.377788 0.000000 44.166223 6.739478 0.000000 34.057006 
43000 215.000000 -0.548595 1.368892 0.000000 46.787286 21.349910 0.000000 14.762421 
44000 220.000000 -0.434992 1.584614 0.000000 42.207735 11.707314 0.000000 24.646765 
45000 225.000000 -0.420981 1.444693 0.000000 26.413458 2.917468 0.000000 22.037257 
46000 230.000000 -0.465399 1.638462 0.000000 34.533282 19.170593 0.000000 5.777392 
47000 235.000000 -0.434644 1.553683 0.000000 63.251199 50.400730 0.000000 -12.349896 
48000 240.000000 -0.403054 1.558085 0.000000 40.661789 13.233929 0.000000 20.810895 
49000 245.000000 -0.685071 1.335640 0.000000 45.403182 13.043887 0.000000 25.837351 
50000 250.000000 -0.457076 1.490641 0.000000 42.143709 4.937662 0.000000 34.737216 
51000 255.000000 -0.719822 1.218366 0.000000 30.521563 4.103125 0.000000 24.366875 
52000 260.000000 -0.420395 1.493884 0.000000 40.156529 12.902382 0.000000 20.802956 
53000 265.000000 -0.361403 1.693383 0.000000 25.764387 11.086682 0.000000 9.134364 
54000 270.000000 -0.520166 1.486914 0.000000 52.601954 17.044695 0.000000 27.034912 
55000 275.000000 -0.693863 1.333013 0.000000 41.199855 5.079717 0.000000 33.580280 
56000 280.000000 -0.497237 1.396410 0.000000 35.106170 2.644800 0.000000 31.138970 
57000 285.000000 -0.721296 1.500489 0.000000 8.390981 14.229397 0.000000 -12.953114 
58000 290.000000 -0.662060 1.525800 0.000000 24.766955 25.501633 0.000000 -13.485495 
59000 295.000000 -0.463646 1.551433 0.000000 40.230772 1.445133 0.000000 38.063073 
60000 300.000000 -0.740602 1.169571 0.000000 21.895554 6.583658 0.000000 12.020067 
61000 305.000000 -0.524549 1.481906 0.000000 47.737190 10.766970 0.000000 31.586736 
62000 310.000000 -0.519017 1.396476 0.000000 36.721811 0.790409 0.000000 35.536197 
63000 315.000000 -0.593078 1.429894 0.000000 63.252406 40.736420 0.000000 2.147776 
64000 320.000000 -0.806833 1.263676 0.000000 24.012389 1.861877 0.000000 21.219574 
65000 325.000000 -0.540226 1.520736 0.000000 43.940697 9.529294 0.000000 29.646757 
66000 330.000000 -0.704734 1.250144 0.000000 39.734189 15.892958 0.000000 15.894752 
67000 335.000000 -0.676957 1.125789 0.000000 -1.376799 2.185813 0.000000 -4.655518 
68000 340.000000 -0.735681 1.191030 0.000000 37.775826 31.560138 0.000000 -9.564381 
69000 345.000000 -0.702820 1.170747 0.000000 30.969003 32.758728 0.000000 -18.169089 
70000 350.000000 -0.619464 1.494597 0.000000 32.339240 3.770219 0.000000 26.683911 
71000 355.000000 -0.530433 1.401440 0.000000 52.910218 27.388789 0.000000 11.827035 
72000 360.000000 -0.667960 1.420487 0.000000 35.992256 2.183429 0.000000 32.717113 
73000 365.000000 -0.410021 1.582502 0.000000 40.266388 10.746085 0.000000 24.147260 
74000 370.000000 -0.706321 1.233288 0.000000 44.818901 33.126346 0.000000 -4.870618 
75000 375.000000 -0.690668 1.324246 0.000000 48.163791 21.142519 0.000000 16.450012 
76000 380.000000 -0.609006 1.560585 0.000000 27.766158 20.453945 0.000000 -2.914760 
77000 385.000000 -0.448485 1.476563 0.000000 37.209209 0.756851 0.000000 36.073933 
78000 390.000000 -0.745078 1.194507 0.000000 37.786408 27.747156 0.000000 -3.834326 
79000 395.000000 -0.559170 1.416388 0.000000 45.854430 6.811098 0.000000 35.637783 
80000 400.000000 -0.334003 1.684494 0.000000 24.570936 12.739442 0.000000 5.461773 
81000 405.000000 -0.482666 1.273419 0.000000 -4.159236 5.606102 0.000000 -12.568389 
82000 410.000000 -0.924221 1.133109 0.000000 17.732926 29.921023 0.000000 -27.148608 
83000 415.000000 -0.409276 1.664314 0.000000 23.780219 5.068447 0.000000 16.177549 
84000 420.000000 -0.618901 1.496894 0.000000 41.576559 26.312926 0.000000 2.107170 
85000 425.000000 -0.469616 1.551972 0.000000 62.428290 51.193266 0.000000 -14.361609 
86000 430.000000 -0.528958 1.534584 0.000000 53.304137 34.295582 0.000000 1.860765 
87000 435.000000 -0.379326 1.640754 0.000000 33.458256 15.077389 0.000000 10.842172 
88000 440.000000 -0.430046 1.623535 0.000000 33.024863 7.637923 0.000000 21.567978 
89000 445.000000 -0.646004 1.382357 0.000000 51.758430 24.004359 0.000000 15.751892 
90000 450.000000 -0.430501 1.663100 0.000000 33.146087 24.243460 0.000000 -3.219104 
91000 455.000000 -0.547600 1.556200 0.000000 37.538287 13.805558 0.000000 16.829950 
92000 460.000000 -0.587297 1.470009 0.000000 54.317067 30.610861 0.000000 8.400775 
93000 465.000000 -0.904767 1.230722 0.000000 3.414211 3.708290 0.000000 -2.148224 
94000 470.000000 -0.369248 1.575236 0.000000 28.028707 0.195555 0.000000 27.735375 
95000 475.000000 -0.652772 1.259848 0.000000 34.199767 11.441060 0.000000 17.038177 
96000 480.000000 -0.515160 1.700014 0.000000 -7.722676 1.065225 0.000000 -9.320514 
97000 485.000000 -0.319528 1.481805 0.000000 2.772685 8.813904 0.000000 -10.448172 
98000 490.000000 -0.386443 1.555114 0.000000 43.755951 28.742100 0.000000 0.642802 
99000 495.000000 -0.469435 1.405102 0.000000 34.056816 15.297585 0.000000 11.110438 
100000 500.000000 -0.694035 1.264528 0.000000 38.011952 12.760777 0.000000 18.870787 
101000 505.000000 -0.799974 1.302231 0.000000 26.870874 13.393351 0.000000 6.780847 
102000 510.000000 -0.475499 1.687118 0.000000 12.862976 12.349511 0.000000 -5.661291 
103000 515.000000 -0.549162 1.445891 0.000000 41.971316 1.658335 0.000000 39.483813 
104000 520.000000 -0.998113 1.033101 0.000000 -8.559688 5.464646 0.000000 -16.756657 
105000 525.000000 -0.537792 1.458226 0.000000 50.086546 16.988314 0.000000 24.604075 
106000 530.000000 -0.502406 1.460730 0.000000 41.114075 3.017775 0.000000 36.587412 
107000 535.000000 -0.252929 1.637168 0.000000 27.980960 50.656010 0.000000 -48.003055 
108000 540.000000 -0.504179 1.595199 0.000000 28.529232 2.224044 0.000000 25.193167 
109000 545.000000 -0.499532 1.497032 0.000000 40.399997 1.131692 0.000000 38.702459 
110000 550.000000 -0.304989 1.527687 0.000000 12.884196 19.865168 0.000000 -16.913556 
111000 555.000000 -0.464490 1.571687 0.000000 34.247318 2.111235 0.000000 31.080464 
112000 560.000000 -0.251145 1.752894 0.000000 0.620337 6.365805 0.000000 -8.928371 
113000 565.000000 -0.526458 1.478778 0.000000 45.712999 12.237621 0.000000 27.356568 
114000 570.000000 -0.341821 1.680270 0.000000 22.966117 11.919849 0.000000 5.086344 
115000 575.000000 -0.754954 1.282985 0.000000 59.087439 63.357448 0.000000 -35.948732 
116000 580.000000 -0.485598 1.601939 0.000000 50.616627 46.757650 0.000000 -19.519848 
117000 585.000000 -0.407395 1.624894 0.000000 48.104250 42.363187 0.000000 -15.440530 
118000 590.000000 -0.632587 1.461388 0.000000 34.757349 5.703805 0.000000 26.201641 
119000 595.000000 -0.487343 1.485011 0.000000 45.559807 13.373934 0.000000 25.498906 
120000 600.000000 -0.347947 1.577664 0.000000 28.419295 13.997169 0.000000 7.423542 
121000 605.000000 -0.642411 1.448021 0.000000 49.436909 36.287558 0.000000 -4.994428 
122000 610.000000 -0.636970 1.462261 0.000000 33.181381 7.747683 0.000000 21.559857 
123000 615.000000 -0.566139 1.487168 0.000000 39.607634 6.291311 0.000000 30.170667 
124000 620.000000 0.562110 -0.084620 0.000000 31.456639 104.022475 0.000000 -124.577074 
125000 625.000000 -0.824790 1.107104 0.000000 16.749979 25.003621 0.000000 -20.755453 
126000 630.000000 -0.503981 1.574549 0.000000 37.319960 20.503064 0.000000 6.565364 
127000 635.000000 -0.621430 1.470038 0.000000 34.157712 11.082648 0.000000 17.533741 
128000 640.000000 -0.594667 1.521445 0.000000 30.189245 13.052577 0.000000 10.610379 
129000 645.000000 -0.544359 1.302449 0.000000 16.299412 3.777075 0.000000 10.633799 
130000 650.000000 -0.756852 1.246208 0.000000 28.057050 10.110655 0.000000 12.891067 
131000 655.000000 -0.575553 1.412801 0.000000 38.614155 4.479712 0.000000 31.894588 
132000 660.000000 -0.910665 1.169469 0.000000 5.704490 12.811303 0.000000 -13.512464 
133000 665.000000 -0.437815 1.639510 0.000000 26.548806 15.346608 0.000000 3.528894 
134000 670.000000 -0.434791 1.624820 0.000000 29.893645 15.355492 0.000000 6.860407 
135000 675.000000 -0.501742 1.426609 0.000000 31.706677 1.650623 0.000000 29.230743 
136000 680.000000 -0.641332 1.281421 0.000000 41.839039 35.602490 0.000000 -11.564695 
137000 685.000000 -0.728496 1.316058 0.000000 34.090743 17.476920 0.000000 7.875363 
138000 690.000000 -0.632200 1.328651 0.000000 39.647011 17.183089 0.000000 13.872377 
139000 695.000000 -0.744056 1.293628 0.000000 34.371978 20.018679 0.000000 4.343959 
140000 700.000000 -0.482373 1.646581 0.000000 12.074487 0.972207 0.000000 10.616176 
141000 705.000000 -0.516404 1.411497 0.000000 37.305716 12.986651 0.000000 17.825739 
142000 710.000000 -0.878566 1.238088 0.000000 2.929142 3.185594 0.000000 -1.849249 
143000 715.000000 -0.468902 1.493863 0.000000 45.287499 27.490846 0.000000 4.051230 
144000 720.000000 -0.522750 1.472395 0.000000 34.490634 1.349251 0.000000 32.466758 
145000 725.000000 -0.361709 1.780066 0.000000 -14.385496 1.037832 0.000000 -15.942244 
146000 730.000000 -0.546381 1.593927 0.000000 20.134258 12.560821 0.000000 1.293027 
147000 735.000000 -0.860008 1.251804 0.000000 14.495444 21.916449 0.000000 -18.379230 
148000 740.000000 -0.616649 1.363480 0.000000 43.397161 20.529508 0.000000 12.602899 
149000 745.000000 -0.538379 1.449273 0.000000 36.346007 3.165526 0.000000 31.597717 
150000 750.000000 -0.412409 1.546344 0.000000 31.037716 8.687251 0.000000 18.006840 
151000 755.000000 -0.725938 1.196540 0.000000 15.993754 2.043984 0.000000 12.927778 
152000 760.000000 -0.640567 1.384067 0.000000 35.661803 4.919795 0.000000 28.282111 
153000 765.000000 -0.595262 1.399900 0.000000 40.992679 11.226479 0.000000 24.152961 
154000 770.000000 -0.842022 1.079476 0.000000 3.079098 8.277317 0.000000 -9.336878 
155000 775.000000 -0.515492 1.439951 0.000000 40.956058 13.303462 0.000000 21.000865 
156000 780.000000 -0.303885 1.773014 0.000000 0.100527 14.578846 0.000000 -21.767742 
157000 785.000000 -0.554730 1.380852 0.000000 34.539221 6.245845 0.000000 25.170453 
158000 790.000000 -0.592768 1.443237 0.000000 34.325327 0.210477 0.000000 34.009612 
159000 795.000000 -0.642774 1.345331 0.000000 41.808228 20.277425 0.000000 11.392090 
160000 800.000000 -0.783973 1.372321 0.000000 25.609525 40.204795 0.000000 -34.697668 
161000 805.000000 -0.516412 1.565545 0.000000 44.836465 40.104861 0.000000 -15.320825 
162000 810.000000 -0.740012 1.309035 0.000000 27.137917 8.572655 0.000000 14.278934 
163000 815.000000 -0.394859 1.563913 0.000000 30.822031 13.880283 0.000000 10.001607 
164000 820.000000 -0.833841 1.214446 0.000000 23.225129 23.391684 0.000000 -11.862397 
165000 825.000000 -0.552146 1.457962 0.000000 57.302462 43.096242 0.000000 -7.341901 
166000 830.000000 -0.687423 1.416514 0.000000 34.338292 22.933023 0.000000 -0.061243 
167000 835.000000 -0.470259 1.523618 0.000000 38.375707 11.620763 0.000000 20.944562 
168000 840.000000 -0.499621 1.471928 0.000000 42.238388 17.669937 0.000000 15.733482 
169000 845.000000 -0.750721 1.137075 0.000000 4.591526 1.561668 0.000000 2.249024 
170000 850.000000 -0.722852 1.291785 0.000000 25.896275 0.362551 0.000000 25.352449 
171000 855.000000 -0.847645 1.270866 0.000000 6.995026 6.258839 0.000000 -2.393232 
172000 860.000000 0.624750 0.023295 0.000000 3.115523 12.447463 0.000000 -15.555671 
173000 865.000000 0.800635 0.002232 0.000000 4.748864 38.175545 0.000000 -52.514453 
174000 870.000000 0.789492 0.069218 0.000000 -14.764937 2.789284 0.000000 -18.948863 
175000 875.000000 0.464353 -0.019160 0.000000 3.969965 34.637357 0.000000 -47.986071 
176000 880.000000 0.515550 0.036830 0.000000 0.242707 12.429374 0.000000 -18.401354 
177000 885.000000 0.275243 0.137239 0.000000 -26.376903 3.899990 0.000000 -32.226889 
178000 890.000000 0.788244 -0.066522 0.000000 -9.339789 30.765404 0.000000 -55.487895 
179000 895.000000 0.489739 0.009862 0.000000 -1.847096 11.048133 0.000000 -18.419296 
180000 900.000000 0.671642 0.013996 0.000000 4.840735 14.705105 0.000000 -17.216923 
181000 905.000000 0.072794 0.429414 0.000000 -23.091375 13.895773 0.000000 -43.935034 
182000 910.000000 0.336721 -0.102428 0.000000 -36.490384 7.773195 0.000000 -48.150176 
183000 915.000000 -0.656288 1.219433 0.000000 20.976764 10.309270 0.000000 5.512859 
184000 920.000000 -0.505757 1.436634 0.000000 39.285699 7.948105 0.000000 27.363541 
185000 925.000000 -0.691178 1.183648 0.000000 15.994020 6.943553 0.000000 5.578691 
186000 930.000000 -0.557771 1.554675 0.000000 32.310022 12.273446 0.000000 13.899853 
187000 935.000000 -0.489332 1.464300 0.000000 37.142658 2.102875 0.000000 33.988345 
188000 940.000000 -0.776626 1.076313 0.000000 5.306185 19.249686 0.000000 -23.568343 
189000 945.000000 -0.500474 1.502962 0.000000 42.097830 7.747376 0.000000 30.476766 
190000 950.000000 -0.674930 1.398354 0.000000 34.873236 5.172564 0.000000 27.114390 
191000 955.000000 -0.751000 1.411517 0.000000 17.845349 12.102066 0.000000 -0.307751 
192000 960.000000 -0.722981 1.383374 0.000000 28.800910 8.687736 0.000000 15.769306 
193000 965.000000 -0.752895 1.373968 0.000000 18.963332 1.024953 0.000000 17.425902 
194000 970.000000 0.401566 0.052214 0.000000 -5.619509 7.947433 0.000000 -17.540658 
195000 975.000000 0.679059 -0.001589 0.000000 20.450314 42.741009 0.000000 -43.661199 
196000 980.000000 -0.399750 1.576230 0.000000 36.074988 14.844346 0.000000 13.808469 
197000 985.000000 -0.322491 1.523157 0.000000 6.168085 1.584088 0.000000 3.791953 
198000 990.000000 -0.477523 1.484170 0.000000 35.575131 0.969019 0.000000 34.121603 
199000 995.000000 -0.492297 1.415529 0.000000 30.110306 2.801572 0.000000 25.907947 
200000 1000.000000 -0.524277 1.590855 0.000000 26.631199 11.574922 0.000000 9.268816 
201000 1005.000000 -0.528501 1.492872 0.000000 37.586733 3.225838 0.000000 32.747976 
202000 1010.000000 -0.639940 1.552836 0.000000 29.956159 52.114681 0.000000 -48.215862 
203000 1015.000000 -0.551573 1.464788 0.000000 45.390055 16.688904 0.000000 20.356699 
204000 1020.000000 -0.581303 1.390851 0.000000 37.365863 1.647684 0.000000 34.894338 
205000 1025.000000 -0.630224 1.491867 0.000000 29.640979 9.778332 0.000000 14.973481 
206000 1030.000000 -0.648383 1.324265 0.000000 37.899987 8.301880 0.000000 25.447166 
207000 1035.000000 -0.898890 1.328749 0.000000 -9.474094 17.657057 0.000000 -35.959679 
208000 1040.000000 -0.533293 1.385111 0.000000 37.696778 11.423959 0.000000 20.560839 
209000 1045.000000 -0.454699 1.390203 0.000000 20.992138 10.647664 0.000000 5.020642 
210000 1050.000000 -0.414404 1.579907 0.000000 30.448178 2.610710 0.000000 26.532112 
211000 1055.000000 -0.586498 1.347068 0.000000 34.537998 3.349530 0.000000 29.513703 
212000 1060.000000 -0.607596 1.335962 0.000000 41.039485 15.322017 0.000000 18.056460 
213000 1065.000000 -0.701836 1.346436 0.000000 32.030654 1.688088 0.000000 29.498521 
214000 1070.000000 -0.666986 1.228852 0.000000 27.165183 14.325051 0.000000 5.677607 
215000 1075.000000 -0.584657 1.390908 0.000000 52.177097 28.779178 0.000000 9.008330 
216000 1080.000000 -0.683802 1.496235 0.000000 13.622409 7.020892 0.000000 3.091071 
217000 1085.000000 -0.397193 1.653467 0.000000 30.447601 17.021959 0.000000 4.914663 
218000 1090.000000 -0.489863 1.553465 0.000000 34.738918 0.045704 0.000000 34.670362 
219000 1095.000000 -0.638372 1.341150 0.000000 42.504717 11.416667 0.000000 25.379717 
220000 1100.000000 -0.543348 1.471301 0.000000 45.732563 10.846778 0.000000 29.462395 
221000 1105.000000 -0.713129 1.306193 0.000000 34.139251 2.727081 0.000000 30.048630 
222000 1110.000000 -0.498638 1.383707 0.000000 39.885740 24.071811 0.000000 3.778023 
223000 1115.000000 -0.614791 1.325299 0.000000 35.860230 1.572366 0.000000 33.501682 
224000 1120.000000 -0.478705 1.487528 0.000000 40.500312 4.299121 0.000000 34.051631 
225000 1125.000000 -0.766289 1.373435 0.000000 21.835791 7.193065 0.000000 11.046194 
226000 1130.000000 -0.736562 1.461616 0.000000 8.308968 4.895496 0.000000 0.965724 
227000 1135.000000 -0.672198 1.487168 0.000000 21.351381 6.242686 0.000000 11.987352 
228000 1140.000000 -0.533006 1.425762 0.000000 60.843676 43.708269 0.000000 -4.718728 
229000 1145.000000 -0.420083 1.392488 0.000000 11.416737 7.506112 0.000000 0.157570 
230000 1150.000000 -0.532540 1.402553 0.000000 47.507813 23.500711 0.000000 12.256747 
231000 1155.000000 -0.565505 1.394180 0.000000 38.268548 0.480585 0.000000 37.547671 
232000 1160.000000 -0.519335 1.445043 0.000000 60.543554 43.934359 0.000000 -5.357984 
233000 1165.000000 -0.614517 1.301996 0.000000 33.591754 6.929707 0.000000 23.197194 
234000 1170.000000 -0.847261 1.247366 0.000000 25.776844 27.385129 0.000000 -15.300849 
235000 1175.000000 -0.432003 1.398300 0.000000 22.366553 18.264880 0.000000 -5.030767 
236000 1180.000000 0.781108 0.095190 0.000000 6.938713 40.724975 0.000000 -54.148750 
237000 1185.000000 0.386355 0.071653 0.000000 -8.736704 1.809757 0.000000 -11.451339 
238000 1190.000000 -0.462007 1.438968 0.000000 34.638889 6.202074 0.000000 25.335779 
239000 1195.000000 -0.656004 1.297941 0.000000 63.633222 59.099468 0.000000 -25.015981 
240000 1200.000000 -0.335653 1.709447 0.000000 26.383498 24.348018 0.000000 -10.138529 
241000 1205.000000 -0.355736 1.613746 0.000000 42.004998 32.516589 0.000000 -6.769886 
242000 1210.000000 -0.604251 1.345921 0.000000 40.544963 6.313618 0.000000 31.074536 
243000 1215.000000 -0.857486 0.074405 0.000000 -115.073233 1.067852 0.000000 -116.675010 
244000 1220.000000 -0.076503 0.298473 0.000000 -36.436887 1.415881 0.000000 -38.560708 
245000 1225.000000 -0.339138 1.630017 0.000000 35.340520 24.940596 0.000000 -2.070375 
246000 1230.000000 -0.502074 1.493745 0.000000 43.046862 5.444661 0.000000 34.879870 
247000 1235.000000 -0.671148 1.088207 0.000000 -13.729685 7.528257 0.000000 -25.022071 
248000 1240.000000 -0.574608 1.536748 0.000000 29.521967 0.559331 0.000000 28.682971 
249000 1245.000000 -0.682273 1.222485 0.000000 24.802818 4.293995 0.000000 18.361826 
250000 1250.000000 -0.815861 1.171304 0.000000 31.662978 28.499061 0.000000 -11.085614 
251000 1255.000000 -0.418182 1.660982 0.000000 34.704015 26.470442 0.000000 -5.001648 
252000 1260.000000 -0.459896 1.549786 0.000000 36.972976 0.445348 0.000000 36.304954 
253000 1265.000000 -0.729694 1.290100 0.000000 32.215739 4.513077 0.000000 25.446123 
254000 1270.000000 -0.738580 1.234523 0.000000 27.475608 3.629308 0.000000 22.031645 
255000 1275.000000 -0.316765 1.722787 0.000000 9.482440 3.460868 0.000000 4.291138 
256000 1280.000000 -0.538984 1.410422 0.000000 42.269340 11.289561 0.000000 25.334998 
257000 1285.000000 -0.897669 1.062701 0.000000 12.539730 30.076569 0.000000 -32.575124 
258000 1290.000000 -0.371322 1.604488 0.000000 34.323055 20.156039 0.000000 4.088997 
259000 1295.000000 -0.508715 1.445874 0.000000 63.612566 55.183497 0.000000 -19.162679 
260000 1300.000000 -0.492257 1.392395 0.000000 29.124105 7.364441 0.000000 18.077444 
261000 1305.000000 -0.794540 1.228062 0.000000 21.698815 3.135271 0.000000 16.995908 
262000 1310.000000 -0.494399 1.458853 0.000000 38.835390 4.908721 0.000000 31.472309 
263000 1315.000000 -0.196949 0.320596 0.000000 -28.014772 31.309682 0.000000 -74.979295 
264000 1320.000000 0.760594 0.023472 0.000000 15.158281 39.178374 0.000000 -43.609280 
265000 1325.000000 -0.735845 1.482096 0.000000 5.297085 13.966410 0.000000 -15.652531 
266000 1330.000000 -0.486715 1.408811 0.000000 32.338945 4.691618 0.000000 25.301519 
267000 1335.000000 -0.774302 1.211762 0.000000 23.777111 1.536918 0.000000 21.471734 
268000 1340.000000 -0.766739 1.339242 0.000000 32.052609 19.910774 0.000000 2.186448 
269000 1345.000000 -0.526254 1.621780 0.000000 21.817223 11.529617 0.000000 4.522797 
270000 1350.000000 -0.241002 1.678540 0.000000 2.631033 3.031326 0.000000 -1.915955 
271000 1355.000000 -0.499504 1.559809 0.000000 38.952561 9.251370 0.000000 25.075507 
272000 1360.000000 -0.826697 1.068170 0.000000 4.556376 7.799905 0.000000 -7.143481 
273000 1365.000000 -0.629335 1.378869 0.000000 59.092339 39.267647 0.000000 0.190869 
274000 1370.000000 -0.248243 1.525988 0.000000 -17.553066 0.509722 0.000000 -18.317650 
275000 1375.000000 -0.646144 1.350883 0.000000 51.117139 24.896080 0.000000 13.773019 
276000 1380.000000 -0.340355 1.626249 0.000000 28.217148 10.443354 0.000000 12.552117 
277000 1385.000000 -0.365736 1.423106 0.000000 4.698873 10.297743 0.000000 -10.747742 
278000 1390.000000 -0.490618 1.674049 0.000000 10.921634 8.020356 0.000000 -1.108901 
279000 1395.000000 -0.309858 1.512592 0.000000 7.204646 10.638396 0.000000 -8.752949 
280000 1400.000000 -0.647448 1.415842 0.000000 41.980262 12.690165 0.000000 22.945016 
281000 1405.000000 -0.642122 1.243951 0.000000 37.489441 29.976452 0.000000 -7.475238 
282000 1410.000000 -0.323212 1.764169 0.000000 3.233782 6.632261 0.000000 -6.714610 
283000 1415.000000 -0.797453 1.385640 0.000000 11.876651 12.505056 0.000000 -6.880933 
284000 1420.000000 -0.628299 1.393836 0.000000 40.992227 1.552899 0.000000 38.662879 
285000 1425.000000 -0.671757 1.191388 0.000000 29.763632 32.059259 0.000000 -18.325256 
286000 1430.000000 -0.432104 1.541590 0.000000 52.886262 37.248346 0.000000 -2.986257 
287000 1435.000000 -0.743944 1.381740 0.000000 28.408234 16.063805 0.000000 4.312527 
288000 1440.000000 -0.453338 1.579939 0.000000 38.155089 10.193046 0.000000 22.865519 
289000 1445.000000 -0.269898 1.682375 0.000000 9.503976 2.519774 0.000000 5.724315 
290000 1450.000000 -0.568985 1.478769 0.000000 46.100379 14.163272 0.000000 24.855472 
291000 1455.000000 -0.433570 1.599513 0.000000 51.143344 37.639989 0.000000 -5.316639 
292000 1460.000000 -0.400353 1.623280 0.000000 29.930031 2.893433 0.000000 25.589881 
293000 1465.000000 -0.767943 1.160289 0.000000 18.921806 3.837463 0.000000 13.165611 
294000 1470.000000 -0.505554 1.432401 0.000000 43.777418 11.720189 0.000000 26.197135 
295000 1475.000000 -0.349490 1.456791 0.000000 8.337264 10.324715 0.000000 -7.149808 
296000 1480.000000 -0.525244 1.424346 0.000000 68.296302 56.369550 0.000000 -16.258024 
297000 1485.000000 -0.751623 1.303351 0.000000 39.463935 19.526189 0.000000 10.174651 
298000 1490.000000 -0.444612 1.555771 0.000000 38.166423 2.827620 0.000000 33.924994 
299000 1495.000000 -0.632372 1.377016 0.000000 45.165347 8.495610 0.000000 32.421931 
300000 1500.000000 -0.866041 1.172161 0.000000 13.617143 1.354045 0.000000 11.586075 
301000 1505.000000 -0.660795 1.250367 0.000000 30.212161 6.390308 0.000000 20.626699 
302000 1510.000000 -0.539872 1.377853 0.000000 36.234243 2.139598 0.000000 33.024846 
303000 1515.000000 -0.557278 1.588290 0.000000 22.824493 5.961328 0.000000 13.882502 
304000 1520.000000 -0.540756 1.578346 0.000000 29.387965 5.355229 0.000000 21.355122 
305000 1525.000000 -0.850559 1.344781 0.000000 10.828224 24.137793 0.000000 -25.378466 
306000 1530.000000 -0.547486 1.427538 0.000000 45.421411 6.436043 0.000000 35.767346 
307000 1535.000000 -0.430633 1.427024 0.000000 28.671945 12.089479 0.000000 10.537727 
308000 1540.000000 -0.505499 1.407129 0.000000 49.805578 27.913455 0.000000 7.935395 
309000 1545.000000 -0.732987 1.324179 0.000000 34.142233 2.686452 0.000000 30.112556 
310000 1550.000000 -0.231365 1.801107 0.000000 19.712347 59.808833 0.000000 -70.000903 
311000 1555.000000 -0.601967 1.396161 0.000000 50.394532 13.820641 0.000000 29.663570 
312000 1560.000000 -0.564642 1.545659 0.000000 41.438508 20.504705 0.000000 10.681451 
313000 1565.000000 -0.479724 1.559118 0.000000 39.516807 2.202220 0.000000 36.213478 
314000 1570.000000 -0.522546 1.466978 0.000000 46.687633 6.918827 0.000000 36.309392 
315000 1575.000000 -0.897643 1.194775 0.000000 19.617514 22.882702 0.000000 -14.706539 
316000 1580.000000 -0.656054 1.395308 0.000000 46.001320 14.024227 0.000000 24.964980 
317000 1585.000000 -0.797945 1.325107 0.000000 23.311361 8.817189 0.000000 10.085579 
318000 1590.000000 -0.739473 1.423034 0.000000 19.840951 5.426632 0.000000 11.701003 
319000 1595.000000 -0.449456 1.470668 0.000000 48.058217 23.484271 0.000000 12.831810 
320000 1600.000000 -0.487729 1.318821 0.000000 12.731262 0.644435 0.000000 11.764609 
321000 1605.000000 -0.758134 1.248649 0.000000 41.275995 21.768049 0.000000 8.623921 
322000 1610.000000 -0.664960 1.413385 0.000000 55.301322 36.836338 0.000000 0.046815 
323000 1615.000000 -0.580008 1.563728 0.000000 26.070698 4.093159 0.000000 19.930959 
324000 1620.000000 -0.523376 1.471943 0.000000 58.250000 28.197405 0.000000 15.953892 
325000 1625.000000 -0.440072 1.472505 0.000000 60.603452 51.594668 0.000000 -16.788549 
326000 1630.000000 -0.606986 1.429440 0.000000 63.530831 42.473061 0.000000 -0.178761 
327000 1635.000000 0.331082 0.028931 0.000000 -6.941815 10.810258 0.000000 -23.157203 
328000 1640.000000 -0.471060 1.593771 0.000000 35.197358 2.357092 0.000000 31.661720 
329000 1645.000000 -0.593142 1.439969 0.000000 42.740388 0.250948 0.000000 42.363967 
330000 1650.000000 -0.604972 1.306269 0.000000 50.156628 33.225654 0.000000 0.318146 
331000 1655.000000 -0.717444 1.412726 0.000000 26.801604 3.166654 0.000000 22.051623 
332000 1660.000000 -0.416570 1.531665 0.000000 48.664798 27.784790 0.000000 6.987613 
333000 1665.000000 -0.485848 1.488155 0.000000 51.529438 21.198595 0.000000 19.731546 
334000 1670.000000 -0.557197 1.436602 0.000000 48.461526 11.167458 0.000000 31.710339 
335000 1675.000000 -0.415743 1.534547 0.000000 35.567325 1.604750 0.000000 33.160199 
336000 1680.000000 -0.735914 1.463340 0.000000 12.578825 12.611979 0.000000 -6.339143 
337000 1685.000000 -0.431627 1.427737 0.000000 25.198833 5.127255 0.000000 17.507950 
338000 1690.000000 -0.660136 1.438371 0.000000 32.838742 0.183989 0.000000 32.562758 
339000 1695.000000 -0.396445 1.652132 0.000000 30.252366 8.209414 0.000000 17.938244 
340000 1700.000000 -0.319145 1.547171 0.000000 17.876509 6.986801 0.000000 7.396308 
341000 1705.000000 -0.570918 1.566434 0.000000 42.157967 35.226401 0.000000 -10.681636 
342000 1710.000000 -0.726969 1.473933 0.000000 7.059764 0.479732 0.000000 6.340166 
343000 1715.000000 -0.842836 1.108219 0.000000 22.953271 23.660072 0.000000 -12.536837 
344000 1720.000000 -0.617314 1.252913 0.000000 27.396531 7.914025 0.000000 15.525493 
345000 1725.000000 -0.361308 1.399097 0.000000 -3.632779 6.518137 0.000000 -13.409985 
346000 1730.000000 -0.701371 1.260649 0.000000 39.175541 12.618530 0.000000 20.247746 
347000 1735.000000 -0.457888 1.382301 0.000000 23.712223 7.319220 0.000000 12.733393 
348000 1740.000000 -0.499138 1.424340 0.000000 41.942256 8.506781 0.000000 29.182085 
349000 1745.000000 -0.495170 1.483182 0.000000 45.382109 7.131471 0.000000 34.684902 
350000 1750.000000 -0.432162 1.309839 0.000000 -6.367371 9.833882 0.000000 -21.118193 
351000 1755.000000 -0.561423 1.430360 0.000000 46.607804 6.218886 0.000000 37.279475 
352000 1760.000000 -0.562474 1.423283 0.000000 51.625860 17.684275 0.000000 25.099448 
353000 1765.000000 -0.561539 1.482732 0.000000 40.621185 0.577037 0.000000 39.755629 
354000 1770.000000 -0.691610 1.348340 0.000000 37.794518 4.513289 0.000000 31.024585 
355000 1775.000000 -0.407412 1.631776 0.000000 62.423337 70.107757 0.000000 -42.738299 
356000 1780.000000 -0.635546 1.261606 0.000000 55.167692 60.149368 0.000000 -35.056360 
357000 1785.000000 0.726820 -0.014277 0.000000 7.512587 21.627641 0.000000 -24.928875 
358000 1790.000000 0.617696 0.134490 0.000000 -7.996393 7.370658 0.000000 -19.052380 
359000 1795.000000 -0.416450 0.106191 0.000000 -83.891023 4.390564 0.000000 -90.476870 
360000 1800.000000 -0.541536 1.405844 0.000000 38.938606 2.301031 0.000000 35.487060 
361000 1805.000000 -0.983583 1.125181 0.000000 -7.463515 6.131735 0.000000 -16.661117 
362000 1810.000000 -0.819384 1.389088 0.000000 1.657272 11.897559 0.000000 -16.189067 
363000 1815.000000 -0.998407 1.173482 0.000000 -13.413870 11.679883 0.000000 -30.933695 
364000 1820.000000 -0.324295 1.638095 0.000000 21.376062 5.074519 0.000000 13.764283 
365000 1825.000000 -0.627270 1.457691 0.000000 39.817587 12.059630 0.000000 21.728142 
366000 1830.000000 -0.561330 1.453925 0.000000 52.358941 23.886343 0.000000 16.529427 
367000 1835.000000 -0.536718 1.581068 0.000000 46.989702 45.468639 0.000000 -21.213256 
368000 1840.000000 -0.494735 1.479517 0.000000 42.254209 7.358779 0.000000 31.216040 
369000 1845.000000 -0.659468 1.387521 0.000000 43.777756 16.674223 0.000000 18.766421 
370000 1850.000000 0.771859 0.062032 0.000000 -7.628883 0.519597 0.000000 -8.408279 
371000 1855.000000 0.331570 0.335308 0.000000 -30.121071 14.386836 0.000000 -51.701326 
372000 1860.000000 0.799466 -0.003500 0.000000 -6.405921 3.698734 0.000000 -11.954022 
373000 1865.000000 -0.816047 1.170194 0.000000 30.393563 25.475574 0.000000 -7.819799 
374000 1870.000000 -0.788966 1.298904 0.000000 30.076922 16.466639 0.000000 5.376963 
375000 1875.000000 -0.549400 1.360564 0.000000 43.852498 20.913027 0.000000 12.482958 
376000 1880.000000 -0.656649 1.372908 0.000000 40.644147 6.236210 0.000000 31.289833 
377000 1885.000000 -0.682534 1.590471 0.000000 -14.241567 9.079688 0.000000 -27.861100 
378000 1890.000000 -0.447470 1.596514 0.000000 34.463603 4.863329 0.000000 27.168610 
379000 1895.000000 -0.482355 1.512100 0.000000 40.776107 2.687245 0.000000 36.745239 
380000 1900.000000 -0.792506 1.261019 0.000000 28.110737 8.263120 0.000000 15.716058 
381000 1905.000000 -0.515553 1.443726 0.000000 43.247727 5.211905 0.000000 35.429869 
382000 1910.000000 -0.414993 1.629639 0.000000 29.171623 2.386904 0.000000 25.591266 
383000 1915.000000 -0.618766 1.322253 0.000000 45.981640 20.577085 0.000000 15.116012 
384000 1920.000000 -0.342283 1.586415 0.000000 31.848382 17.254550 0.000000 5.966557 
385000 1925.000000 -0.443478 1.256629 0.000000 -22.393839 7.394421 0.000000 -33.485470 
386000 1930.000000 -0.544897 1.489570 0.000000 46.354783 10.748594 0.000000 30.231892 
387000 1935.000000 -0.634443 0.862316 0.000000 -72.177343 2.922225 0.000000 -76.560681 
388000 1940.000000 -0.741727 1.361192 0.000000 41.112007 25.969920 0.000000 2.157127 
389000 1945.000000 -0.440899 1.543932 0.000000 45.137766 11.927887 0.000000 27.245935 
390000 1950.000000 -0.629739 1.425940 0.000000 45.150864 8.133204 0.000000 32.951058 
391000 1955.000000 -0.470147 1.519108 0.000000 49.391532 12.939237 0.000000 29.982677 
392000 1960.000000 -0.735943 1.349382 0.000000 39.349462 14.326038 0.000000 17.860405 
393000 1965.000000 -0.911631 0.925905 0.000000 -18.164855 1.987520 0.000000 -21.146135 
394000 1970.000000 -0.468789 1.520624 0.000000 45.696126 7.342053 0.000000 34.683047 
395000 1975.000000 -0.314750 1.725062 0.000000 22.507061 19.127934 0.000000 -6.184841 
396000 1980.000000 -0.418814 1.552934 0.000000 37.735159 0.278041 0.000000 37.318098 
397000 1985.000000 -0.534030 1.364256 0.000000 35.984084 0.980680 0.000000 34.513065 
398000 1990.000000 -0.585726 1.547733 0.000000 29.860664 3.742566 0.000000 24.246816 
399000 1995.000000 -0.793940 1.340866 0.000000 25.165606 12.602320 0.000000 6.262126 
400000 2000.000000 -0.782399 1.350691 0.000000 36.728380 32.403940 0.000000 -11.877529 
401000 2005.000000 -0.580471 1.559910 0.000000 30.106378 8.884248 0.000000 16.780006 
402000 2010.000000 -0.813957 1.277314 0.000000 33.699048 22.870312 0.000000 -0.606420 
403000 2015.000000 -0.765368 1.232855 0.000000 38.080325 16.525772 0.000000 13.291667 
404000 2020.000000 -0.594161 1.178429 0.000000 -2.501599 2.289284 0.000000 -5.935525 
405000 2025.000000 -0.751774 1.167818 0.000000 21.954514 2.545295 0.000000 18.136572 
406000 2030.000000 -0.404437 1.626962 0.000000 45.156040 26.485087 0.000000 5.428409 
407000 2035.000000 -0.593839 1.508552 0.000000 49.522196 28.625572 0.000000 6.583839 
408000 2040.000000 -0.926774 1.276101 0.000000 -3.844714 11.420818 0.000000 -20.975941 
409000 2045.000000 -0.574845 1.411175 0.000000 49.777969 9.815158 0.000000 35.055232 
410000 2050.000000 -0.738510 1.321528 0.000000 39.885037 12.952701 0.000000 20.455986 
411000 2055.000000 -0.515366 1.376133 0.000000 45.034575 23.229445 0.000000 10.190408 
412000 2060.000000 -0.601249 1.358482 0.000000 55.914259 27.296095 0.000000 14.970116 
413000 2065.000000 -0.664371 1.509937 0.000000 22.003062 8.382423 0.000000 9.429427 
414000 2070.000000 -0.855669 1.166778 0.000000 38.222334 40.936088 0.000000 -23.181799 
415000 2075.000000 -0.347980 1.512716 0.000000 23.624383 7.735071 0.000000 12.021776 
416000 2080.000000 -0.372758 1.545328 0.000000 32.619946 4.130820 0.000000 26.423716 
417000 2085.000000 -0.618912 1.331969 0.000000 74.719309 68.425294 0.000000 -27.918631 
418000 2090.000000 -0.516995 1.511635 0.000000 53.981355 20.101246 0.000000 23.829486 
419000 2095.000000 -0.702544 1.131401 0.000000 21.728372 29.519331 0.000000 -22.550625 
420000 2100.000000 -0.773240 1.390116 0.000000 20.633267 9.345997 0.000000 6.614272 
421000 2105.000000 -0.511453 1.551661 0.000000 44.451828 11.096030 0.000000 27.807782 
422000 2110.000000 -0.524725 1.493645 0.000000 54.912227 20.562368 0.000000 24.068674 
423000 2115.000000 -0.569357 1.343801 0.000000 36.656661 1.839080 0.000000 33.898041 
424000 2120.000000 -0.706305 1.377046 0.000000 41.058218 15.508688 0.000000 17.795187 
425000 2125.000000 -0.769483 1.247658 0.000000 31.720039 4.298686 0.000000 25.272011 
426000 2130.000000 -0.370355 1.511293 0.000000 35.176375 21.591862 0.000000 2.788583 
427000 2135.000000 -0.450460 1.560911 0.000000 41.133832 4.660207 0.000000 34.143522 
428000 2140.000000 -0.669195 1.401240 0.000000 43.133893 10.973545 0.000000 26.673575 
429000 2145.000000 -0.546436 1.409789 0.000000 53.181879 20.844966 0.000000 21.914430 
430000 2150.000000 -0.548243 1.412614 0.000000 56.335946 27.168712 0.000000 15.582878 
431000 2155.000000 -0.531154 1.432277 0.000000 47.027206 7.772962 0.000000 35.367763 
432000 2160.000000 -0.623389 1.479044 0.000000 42.046957 15.406035 0.000000 18.937904 
433000 2165.000000 -0.708818 1.194235 0.000000 29.795330 13.478995 0.000000 9.576838 
434000 2170.000000 -0.529605 1.523850 0.000000 41.896011 1.292239 0.000000 39.957653 
435000 2175.000000 -0.618528 1.417877 0.000000 51.524398 15.291799 0.000000 28.586699 
436000 2180.000000 -0.501735 1.516108 0.000000 44.182381 3.148753 0.000000 39.459252 
437000 2185.000000 -0.762358 1.270493 0.000000 53.306734 45.107498 0.000000 -14.354513 
438000 2190.000000 -0.577445 1.431225 0.000000 48.461583 8.556288 0.000000 35.627151 
439000 2195.000000 -0.365078 1.515777 0.000000 24.508224 1.801987 0.000000 21.805243 
440000 2200.000000 -0.475400 1.603141 0.000000 37.406544 8.808112 0.000000 24.194375 
441000 2205.000000 -0.516094 1.547738 0.000000 41.306527 5.059995 0.000000 33.716534 
442000 2210.000000 -0.447805 1.553035 0.000000 62.185617 46.469593 0.000000 -7.518773 
443000 2215.000000 -0.617641 1.165934 0.000000 0.998515 6.406315 0.000000 -8.610957 
444000 2220.000000 -0.633078 1.463381 0.000000 38.300359 6.874943 0.000000 27.987945 
445000 2225.000000 -0.706078 1.283159 0.000000 34.591394 0.407123 0.000000 33.980710 
446000 2230.000000 -0.781947 1.192688 0.000000 25.003924 3.549922 0.000000 19.679041 
447000 2235.000000 -0.495722 1.521546 0.000000 47.939044 14.492329 0.000000 26.200550 
448000 2240.000000 -0.301981 1.510561 0.000000 16.398361 30.378340 0.000000 -29.169149 
449000 2245.000000 -0.647307 1.323331 0.000000 44.652009 12.704622 0.000000 25.595076 
450000 2250.000000 -0.595380 1.387947 0.000000 47.111549 9.396218 0.000000 33.017223 
451000 2255.000000 -0.515261 1.534938 0.000000 44.630544 11.850411 0.000000 26.854928 
452000 2260.000000 -0.492109 1.427710 0.000000 38.140696 3.405907 0.000000 33.031835 
453000 2265.000000 -0.369563 1.749832 0.000000 3.346549 0.110368 0.000000 3.180998 
454000 2270.000000 -0.680687 1.212308 0.000000 23.775464 2.874066 0.000000 19.464365 
455000 2275.000000 -0.285270 1.685681 0.000000 42.798917 58.642198 0.000000 -45.164380 
456000 2280.000000 -0.708013 1.222499 0.000000 33.344277 12.912329 0.000000 13.975784 
457000 2285.000000 -0.789232 1.341815 0.000000 20.578725 4.671618 0.000000 13.571298 
458000 2290.000000 -0.362195 1.722330 0.000000 38.258725 52.800737 0.000000 -40.942381 
459000 2295.000000 -0.714947 1.163525 0.000000 19.510560 9.109423 0.000000 5.846425 
460000 2300.000000 -0.626951 1.328774 0.000000 50.207777 25.950713 0.000000 11.281707 
461000 2305.000000 -0.493899 1.527845 0.000000 65.289414 53.636115 0.000000 -15.164758 
462000 2310.000000 -0.674491 1.325178 0.000000 35.941882 0.968997 0.000000 34.488386 
463000 2315.000000 -0.565374 1.420991 0.000000 48.759613 16.546770 0.000000 23.939458 
464000 2320.000000 -0.354484 1.609232 0.000000 36.657240 26.103951 0.000000 -2.498686 
465000 2325.000000 -0.640561 1.406799 0.000000 41.679332 10.237257 0.000000 26.323447 
466000 2330.000000 -0.599220 1.285400 0.000000 25.401396 2.029323 0.000000 22.357411 
467000 2335.000000 -0.673099 1.399517 0.000000 37.180471 10.573489 0.000000 21.320238 
468000 2340.000000 -0.427197 1.566302 0.000000 33.092761 1.513630 0.000000 30.822316 
469000 2345.000000 -0.622060 1.356545 0.000000 52.402806 31.258202 0.000000 5.515503 
470000 2350.000000 -0.655057 1.246827 0.000000 31.313768 16.786652 0.000000 6.133789 
471000 2355.000000 -0.601347 1.429661 0.000000 62.199593 48.469495 0.000000 -10.504650 
472000 2360.000000 -0.634480 1.406952 0.000000 41.427609 10.818534 0.000000 25.199809 
473000 2365.000000 -0.887841 1.085466 0.000000 5.369542 6.529411 0.000000 -4.424575 
474000 2370.000000 -0.395547 1.804229 0.000000 -19.083451 10.149751 0.000000 -34.308077 
475000 2375.000000 -0.526487 1.427205 0.000000 39.015887 4.279064 0.000000 32.597291 
476000 2380.000000 -0.813585 1.292422 0.000000 22.069269 14.589015 0.000000 0.185747 
477000 2385.000000 -0.559794 1.371585 0.000000 58.775102 48.992509 0.000000 -14.713662 
478000 2390.000000 -0.876445 1.293199 0.000000 1.524992 7.821516 0.000000 -10.207282 
479000 2395.000000 -0.801049 1.380743 0.000000 5.276433 4.166317 0.000000 -0.973043 
480000 2400.000000 -0.469251 1.492492 0.000000 56.640113 42.812492 0.000000 -7.578625 
481000 2405.000000 -0.479359 1.480611 0.000000 50.567564 28.819745 0.000000 7.337947 
482000 2410.000000 -0.409521 1.550163 0.000000 34.040844 6.095043 0.000000 24.898279 
483000 2415.000000 -0.783487 0.570184 0.000000 -64.529130 0.684926 0.000000 -65.556519 
484000 2420.000000 0.540444 -0.030006 0.000000 -1.393618 9.249571 0.000000 -15.267976 
485000 2425.000000 0.460312 0.017100 0.000000 -0.169971 10.550137 0.000000 -15.995176 
486000 2430.000000 0.116406 0.585724 0.000000 -20.485310 43.755976 0.000000 -86.119273 
487000 2435.000000 0.055105 0.138231 0.000000 -21.541920 44.413670 0.000000 -88.162426 
488000 2440.000000 -0.528311 1.414552 0.000000 49.229370 25.452694 0.000000 11.050328 
489000 2445.000000 -0.685756 1.530719 0.000000 5.031300 12.716174 0.000000 -14.042961 
490000 2450.000000 -0.797403 1.180064 0.000000 16.915181 0.646208 0.000000 15.945869 
491000 2455.000000 -0.749520 1.296003 0.000000 39.128502 25.265929 0.000000 1.229609 
492000 2460.000000 -0.672086 1.372649 0.000000 33.592241 0.473265 0.000000 32.882344 
493000 2465.000000 0.568491 -0.044167 0.000000 2.332227 22.358499 0.000000 -31.205522 
494000 2470.000000 -0.614973 1.381074 0.000000 48.216857 23.892955 0.000000 12.377424 
495000 2475.000000 -0.663061 1.254584 0.000000 30.315145 12.492388 0.000000 11.576564 
496000 2480.000000 -0.213493 1.862573 0.000000 -29.358194 8.087628 0.000000 -41.489636 
497000 2485.000000 -0.850791 1.209748 0.000000 22.177476 20.781210 0.000000 -8.994339 
498000 2490.000000 -0.548639 1.434891 0.000000 40.362493 3.960146 0.000000 34.422274 
499000 2495.000000 -0.352188 1.508288 0.000000 15.466921 5.661176 0.000000 6.975158 
