0 0.000000 -0.558200 1.441700 0.000000 2.079599 1.386399 0.000000 0.000000 
0 0.000000 -0.556686 1.439216 0.000000 2.208839 1.677534 0.000000 -0.307462 
1000 5.000000 -0.764373 1.226018 0.000000 -12.758235 3.341669 0.000000 -17.770739 
2000 10.000000 -0.516101 1.575620 0.000000 -6.518659 7.250204 0.000000 -17.393965 
3000 15.000000 -0.744208 1.162329 0.000000 -22.590188 4.506554 0.000000 -29.350019 
4000 20.000000 -0.796578 0.939170 0.000000 -67.824005 13.208532 0.000000 -87.636804 
5000 25.000000 -0.453708 1.530850 0.000000 -2.687398 0.884877 0.000000 -4.014713 
6000 30.000000 -0.753348 1.335194 0.000000 -10.843611 6.570078 0.000000 -20.698728 
7000 35.000000 -0.928498 1.070336 0.000000 -34.579622 13.309790 0.000000 -54.544307 
8000 40.000000 -0.257529 1.634611 0.000000 -30.837479 11.655875 0.000000 -48.321292 
9000 45.000000 -0.424084 1.581465 0.000000 -3.699337 8.498316 0.000000 -16.446810 
10000 50.000000 -0.672450 1.344839 0.000000 -3.391471 1.597056 0.000000 -5.787055 
11000 55.000000 -0.934545 1.124056 0.000000 -40.794152 0.773494 0.000000 -41.954394 
12000 60.000000 -0.603794 1.531730 0.000000 -9.699374 15.726804 0.000000 -33.289581 
13000 65.000000 -0.866612 1.085306 0.000000 -36.240235 0.547570 0.000000 -37.061591 
14000 70.000000 -0.448000 1.589501 0.000000 -3.159280 8.878453 0.000000 -16.476959 
15000 75.000000 -0.691795 1.356174 0.000000 -3.588579 4.897787 0.000000 -10.935259 
16000 80.000000 -0.723449 1.301444 0.000000 -4.623131 8.437322 0.000000 -17.279114 
17000 85.000000 -0.757941 1.369225 0.000000 -2.508127 36.136440 0.000000 -56.712787 
18000 90.000000 -0.647940 1.436773 0.000000 -1.940211 10.944829 0.000000 -18.357454 
19000 95.000000 -0.404581 1.603074 0.000000 -7.401566 5.865933 0.000000 -16.200465 
20000 100.000000 -0.412363 1.504702 0.000000 6.171773 33.522077 0.000000 -44.111343 
21000 105.000000 -0.335174 1.675202 0.000000 -17.729142 10.005865 0.000000 -32.737939 
22000 110.000000 -0.968045 1.129083 0.000000 -45.271775 5.157281 0.000000 -53.007696 
23000 115.000000 -0.523551 1.499359 0.000000 1.646652 6.307595 0.000000 -7.814740 
24000 120.000000 -0.507812 1.469632 0.000000 9.740021 20.962584 0.000000 -21.703855 
25000 125.000000 -0.434299 1.510863 0.000000 -2.255120 6.721815 0.000000 -12.337843 
26000 130.000000 -0.869111 1.149929 0.000000 -8.298602 42.481494 0.000000 -72.020843 
27000 135.000000 -0.436499 1.537328 0.000000 6.920272 22.179394 0.000000 -26.348819 
28000 140.000000 -0.603433 1.280894 0.000000 -4.237827 19.692850 0.000000 -33.777102 
29000 145.000000 -0.725382 1.486592 0.000000 -35.975048 2.478234 0.000000 -39.692399 
30000 150.000000 -0.900060 1.174207 0.000000 -32.968036 0.520065 0.000000 -33.748133 
31000 155.000000 -0.497814 1.518966 0.000000 8.667790 17.142747 0.000000 -17.046331 
32000 160.000000 -0.418256 1.582158 0.000000 -2.917761 8.660251 0.000000 -15.908138 
33000 165.000000 -0.607330 1.107343 0.000000 -62.798805 10.427685 0.000000 -78.440333 
34000 170.000000 -0.488484 1.548553 0.000000 -1.933527 3.266300 0.000000 -6.832976 
35000 175.000000 -0.604916 1.296973 0.000000 20.745296 66.339084 0.000000 -78.763330 
36000 180.000000 -0.562481 1.366194 0.000000 -3.670140 4.296582 0.000000 -10.115013 
37000 185.000000 -0.358770 1.534141 0.000000 -18.262775 4.159178 0.000000 -24.501541 
38000 190.000000 -0.368251 1.688817 0.000000 -17.648949 12.654640 0.000000 -36.630909 
39000 195.000000 -0.715895 1.323616 0.000000 -6.493711 3.539377 0.000000 -11.802776 
40000 200.000000 -0.782906 1.186357 0.000000 -15.221317 10.063938 0.000000 -30.317224 
41000 205.000000 -0.706688 1.338740 0.000000 -6.854123 0.590377 0.000000 -7.739689 
42000 210.000000 -0.646204 1.377788 0.000000 2.074438 6.739478 0.000000 -8.034779 
43000 215.000000 -0.548595 1.368892 0.000000 4.695500 21.349910 0.000000 -27.329364 
44000 220.000000 -0.434992 1.584614 0.000000 0.115950 11.707314 0.000000 -17.445021 
45000 225.000000 -0.420981 1.444693 0.000000 -15.678328 2.917468 0.000000 -20.054529 
46000 230.000000 -0.465399 1.638462 0.000000 -7.558504 19.170593 0.000000 -36.314394 
47000 235.000000 -0.434644 1.553683 0.000000 21.159414 50.400730 0.000000 -54.441681 
48000 240.000000 -0.403054 1.558085 0.000000 -1.429996 13.233929 0.000000 -21.280891 
49000 245.000000 -0.685071 1.335640 0.000000 3.311397 13.043887 0.000000 -16.254434 
50000 250.000000 -0.457076 1.490641 0.000000 0.051923 4.937662 0.000000 -7.354569 
51000 255.000000 -0.719822 1.218366 0.000000 -11.570222 4.103125 0.000000 -17.724910 
52000 260.000000 -0.420395 1.493884 0.000000 -1.935257 12.902382 0.000000 -21.288830 
53000 265.000000 -0.361403 1.693383 0.000000 -16.327398 11.086682 0.000000 -32.957421 
54000 270.000000 -0.520166 1.486914 0.000000 10.510168 17.044695 0.000000 -15.056874 
55000 275.000000 -0.693863 1.333013 0.000000 -0.891930 5.079717 0.000000 -8.511506 
56000 280.000000 -0.497237 1.396410 0.000000 -6.985615 2.644800 0.000000 -10.952815 
57000 285.000000 -0.721296 1.500489 0.000000 -33.700804 14.229397 0.000000 -55.044899 
58000 290.000000 -0.662060 1.525800 0.000000 -17.324830 25.501633 0.000000 -55.577280 
59000 295.000000 -0.463646 1.551433 0.000000 -1.861013 1.445133 0.000000 -4.028713 
60000 300.000000 -0.740602 1.169571 0.000000 -20.196232 6.583658 0.000000 -30.071719 
61000 305.000000 -0.524549 1.481906 0.000000 5.645405 10.766970 0.000000 -10.505050 
62000 310.000000 -0.519017 1.396476 0.000000 -5.369975 0.790409 0.000000 -6.555588 
63000 315.000000 -0.593078 1.429894 0.000000 21.160621 40.736420 0.000000 -39.944010 
64000 320.000000 -0.806833 1.263676 0.000000 -18.079396 1.861877 0.000000 -20.872212 
65000 325.000000 -0.540226 1.520736 0.000000 1.848912 9.529294 0.000000 -12.445029 
66000 330.000000 -0.704734 1.250144 0.000000 -2.357596 15.892958 0.000000 -26.197034 
67000 335.000000 -0.676957 1.125789 0.000000 -43.468585 2.185813 0.000000 -46.747304 
68000 340.000000 -0.735681 1.191030 0.000000 -4.315960 31.560138 0.000000 -51.656166 
69000 345.000000 -0.702820 1.170747 0.000000 -11.122782 32.758728 0.000000 -60.260874 
70000 350.000000 -0.619464 1.494597 0.000000 -9.752546 3.770219 0.000000 -15.407875 
71000 355.000000 -0.530433 1.401440 0.000000 10.818433 27.388789 0.000000 -30.264750 
72000 360.000000 -0.667960 1.420487 0.000000 -6.099530 2.183429 0.000000 -9.374673 
73000 365.000000 -0.410021 1.582502 0.000000 -1.825398 10.746085 0.000000 -17.944526 
74000 370.000000 -0.706321 1.233288 0.000000 2.727115 33.126346 0.000000 -46.962403 
75000 375.000000 -0.690668 1.324246 0.000000 6.072006 21.142519 0.000000 -25.641773 
76000 380.000000 -0.609006 1.560585 0.000000 -14.325628 20.453945 0.000000 -45.006545 
77000 385.000000 -0.448485 1.476563 0.000000 -4.882576 0.756851 0.000000 -6.017853 
78000 390.000000 -0.745078 1.194507 0.000000 -4.305378 27.747156 0.000000 -45.926111 
79000 395.000000 -0.559170 1.416388 0.000000 3.762645 6.811098 0.000000 -6.454003 
80000 400.000000 -0.334003 1.684494 0.000000 -17.520850 12.739442 0.000000 -36.630013 
81000 405.000000 -0.482666 1.273419 0.000000 -46.251021 5.606102 0.000000 -54.660174 
82000 410.000000 -0.924221 1.133109 0.000000 -24.358859 29.921023 0.000000 -69.240393 
83000 415.000000 -0.409276 1.664314 0.000000 -18.311567 5.068447 0.000000 -25.914237 
84000 420.000000 -0.618901 1.496894 0.000000 -0.515227 26.312926 0.000000 -39.984615 
85000 425.000000 -0.469616 1.551972 0.000000 20.336505 51.193266 0.000000 -56.453394 
86000 430.000000 -0.528958 1.534584 0.000000 11.212351 34.295582 0.000000 -40.231021 
87000 435.000000 -0.379326 1.640754 0.000000 -8.633529 15.077389 0.000000 -31.249613 
88000 440.000000 -0.430046 1.623535 0.000000 -9.066923 7.637923 0.000000 -20.523808 
89000 445.000000 -0.646004 1.382357 0.000000 9.666645 24.004359 0.000000 -26.339893 
90000 450.000000 -0.430501 1.663100 0.000000 -8.945699 24.243460 0.000000 -45.310889 
91000 455.000000 -0.547600 1.556200 0.000000 -4.553498 13.805558 0.000000 -25.261836 
92000 460.000000 -0.587297 1.470009 0.000000 12.225282 30.610861 0.000000 -33.691010 
93000 465.000000 -0.904767 1.230722 0.000000 -38.677575 3.708290 0.000000 -44.240010 
94000 470.000000 -0.369248 1.575236 0.000000 -14.063079 0.195555 0.000000 -14.356411 
95000 475.000000 -0.652772 1.259848 0.000000 -7.892018 11.441060 0.000000 -25.053608 
96000 480.000000 -0.515160 1.700014 0.000000 -49.814461 1.065225 0.000000 -51.412299 
97000 485.000000 -0.319528 1.481805 0.000000 -39.319101 8.813904 0.000000 -52.539957 
98000 490.000000 -0.386443 1.555114 0.000000 1.664165 28.742100 0.000000 -41.448984 
99000 495.000000 -0.469435 1.405102 0.000000 -8.034970 15.297585 0.000000 -30.981348 
100000 500.000000 -0.694035 1.264528 0.000000 -4.079833 12.760777 0.000000 -23.220999 
101000 505.000000 -0.799974 1.302231 0.000000 -15.220912 13.393351 0.000000 -35.310939 
102000 510.000000 -0.475499 1.687118 0.000000 -29.228810 12.349511 0.000000 -47.753076 
103000 515.000000 -0.549162 1.445891 0.000000 -0.120470 1.658335 0.000000 -2.607973 
104000 520.000000 -0.998113 1.033101 0.000000 -50.651473 5.464646 0.000000 -58.848442 
105000 525.000000 -0.537792 1.458226 0.000000 7.994761 16.988314 0.000000 -17.487711 
106000 530.000000 -0.502406 1.460730 0.000000 -0.977711 3.017775 0.000000 -5.504373 
107000 535.000000 -0.252929 1.637168 0.000000 -14.110825 50.656010 0.000000 -90.094841 
108000 540.000000 -0.504179 1.595199 0.000000 -13.562553 2.224044 0.000000 -16.898619 
109000 545.000000 -0.499532 1.497032 0.000000 -1.691788 1.131692 0.000000 -3.389326 
110000 550.000000 -0.304989 1.527687 0.000000 -29.207589 19.865168 0.000000 -59.005341 
111000 555.000000 -0.464490 1.571687 0.000000 -7.844468 2.111235 0.000000 -11.011321 
112000 560.000000 -0.251145 1.752894 0.000000 -41.471448 6.365805 0.000000 -51.020157 
113000 565.000000 -0.526458 1.478778 0.000000 3.621214 12.237621 0.000000 -14.735218 
114000 570.000000 -0.341821 1.680270 0.000000 -19.125669 11.919849 0.000000 -37.005442 
115000 575.000000 -0.754954 1.282985 0.000000 16.995653 63.357448 0.000000 -78.040518 
116000 580.000000 -0.485598 1.601939 0.000000 8.524842 46.757650 0.000000 -61.611634 
117000 585.000000 -0.407395 1.624894 0.000000 6.012464 42.363187 0.000000 -57.532315 
118000 590.000000 -0.632587 1.461388 0.000000 -7.334437 5.703805 0.000000 -15.890144 
119000 595.000000 -0.487343 1.485011 0.000000 3.468021 13.373934 0.000000 -16.592879 
120000 600.000000 -0.347947 1.577664 0.000000 -13.672490 13.997169 0.000000 -34.668244 
121000 605.000000 -0.642411 1.448021 0.000000 7.345124 36.287558 0.000000 -47.086214 
122000 610.000000 -0.636970 1.462261 0.000000 -8.910405 7.747683 0.000000 -20.531929 
123000 615.000000 -0.566139 1.487168 0.000000 -2.484151 6.291311 0.000000 -11.921118 
124000 620.000000 0.562110 -0.084620 0.000000 -10.635146 104.022475 0.000000 -166.668859 
125000 625.000000 -0.824790 1.107104 0.000000 -25.341806 25.003621 0.000000 -62.847238 
126000 630.000000 -0.503981 1.574549 0.000000 -4.771825 20.503064 0.000000 -35.526421 
127000 635.000000 -0.621430 1.470038 0.000000 -7.934073 11.082648 0.000000 -24.558044 
128000 640.000000 -0.594667 1.521445 0.000000 -11.902541 13.052577 0.000000 -31.481406 
129000 645.000000 -0.544359 1.302449 0.000000 -25.792374 3.777075 0.000000 -31.457986 
130000 650.000000 -0.756852 1.246208 0.000000 -14.034736 10.110655 0.000000 -29.200719 
131000 655.000000 -0.575553 1.412801 0.000000 -3.477630 4.479712 0.000000 -10.197198 
132000 660.000000 -0.910665 1.169469 0.000000 -36.387295 12.811303 0.000000 -55.604250 
133000 665.000000 -0.437815 1.639510 0.000000 -15.542979 15.346608 0.000000 -38.562891 
134000 670.000000 -0.434791 1.624820 0.000000 -12.198140 15.355492 0.000000 -35.231378 
135000 675.000000 -0.501742 1.426609 0.000000 -10.385108 1.650623 0.000000 -12.861043 
136000 680.000000 -0.641332 1.281421 0.000000 -0.252746 35.602490 0.000000 -53.656481 
137000 685.000000 -0.728496 1.316058 0.000000 -8.001043 17.476920 0.000000 -34.216423 
138000 690.000000 -0.632200 1.328651 0.000000 -2.444774 17.183089 0.000000 -28.219408 
139000 695.000000 -0.744056 1.293628 0.000000 -7.719807 20.018679 0.000000 -37.747826 
140000 700.000000 -0.482373 1.646581 0.000000 -30.017298 0.972207 0.000000 -31.475609 
141000 705.000000 -0.516404 1.411497 0.000000 -4.786070 12.986651 0.000000 -24.266046 
142000 710.000000 -0.878566 1.238088 0.000000 -39.162644 3.185594 0.000000 -43.941034 
143000 715.000000 -0.468902 1.493863 0.000000 3.195713 27.490846 0.000000 -38.040555 
144000 720.000000 -0.522750 1.472395 0.000000 -7.601151 1.349251 0.000000 -9.625027 
145000 725.000000 -0.361709 1.780066 0.000000 -56.477281 1.037832 0.000000 -58.034029 
146000 730.000000 -0.546381 1.593927 0.000000 -21.957528 12.560821 0.000000 -40.798758 
147000 735.000000 -0.860008 1.251804 0.000000 -27.596341 21.916449 0.000000 -60.471015 
148000 740.000000 -0.616649 1.363480 0.000000 1.305376 20.529508 0.000000 -29.488887 
149000 745.000000 -0.538379 1.449273 0.000000 -5.745779 3.165526 0.000000 -10.494068 
150000 750.000000 -0.412409 1.546344 0.000000 -11.054070 8.687251 0.000000 -24.084946 
151000 755.000000 -0.725938 1.196540 0.000000 -26.098031 2.043984 0.000000 -29.164007 
152000 760.000000 -0.640567 1.384067 0.000000 -6.429982 4.919795 0.000000 -13.809675 
153000 765.000000 -0.595262 1.399900 0.000000 -1.099106 11.226479 0.000000 -17.938824 
154000 770.000000 -0.842022 1.079476 0.000000 -39.012688 8.277317 0.000000 -51.428664 
155000 775.000000 -0.515492 1.439951 0.000000 -1.135728 13.303462 0.000000 -21.090921 
156000 780.000000 -0.303885 1.773014 0.000000 -41.991259 14.578846 0.000000 -63.859527 
157000 785.000000 -0.554730 1.380852 0.000000 -7.552565 6.245845 0.000000 -16.921332 
158000 790.000000 -0.592768 1.443237 0.000000 -7.766459 0.210477 0.000000 -8.082174 
159000 795.000000 -0.642774 1.345331 0.000000 -0.283557 20.277425 0.000000 -30.699695 
160000 800.000000 -0.783973 1.372321 0.000000 -16.482260 40.204795 0.000000 -76.789453 
161000 805.000000 -0.516412 1.565545 0.000000 2.744680 40.104861 0.000000 -57.412611 
162000 810.000000 -0.740012 1.309035 0.000000 -14.953869 8.572655 0.000000 -27.812851 
163000 815.000000 -0.394859 1.563913 0.000000 -11.269754 13.880283 0.000000 -32.090178 
164000 820.000000 -0.833841 1.214446 0.000000 -18.866656 23.391684 0.000000 -53.954182 
165000 825.000000 -0.552146 1.457962 0.000000 15.210676 43.096242 0.000000 -49.433686 
166000 830.000000 -0.687423 1.416514 0.000000 -7.753494 22.933023 0.000000 -42.153028 
167000 835.000000 -0.470259 1.523618 0.000000 -3.716078 11.620763 0.000000 -21.147223 
168000 840.000000 -0.499621 1.471928 0.000000 0.146603 17.669937 0.000000 -26.358303 
169000 845.000000 -0.750721 1.137075 0.000000 -37.500260 1.561668 0.000000 -39.842762 
170000 850.000000 -0.722852 1.291785 0.000000 -16.195511 0.362551 0.000000 -16.739337 
171000 855.000000 -0.847645 1.270866 0.000000 -35.096759 6.258839 0.000000 -44.485017 
172000 860.000000 0.624750 0.023295 0.000000 -38.976262 12.447463 0.000000 -57.647456 
173000 865.000000 0.800635 0.002232 0.000000 -37.342921 38.175545 0.000000 -94.606239 
174000 870.000000 0.789492 0.069218 0.000000 -56.856723 2.789284 0.000000 -61.040649 
175000 875.000000 0.464353 -0.019160 0.000000 -38.121821 34.637357 0.000000 -90.077857 
176000 880.000000 0.515550 0.036830 0.000000 -41.849078 12.429374 0.000000 -60.493139 
177000 885.000000 0.275243 0.137239 0.000000 -68.468689 3.899990 0.000000 -74.318674 
178000 890.000000 0.788244 -0.066522 0.000000 -51.431574 30.765404 0.000000 -97.579680 
179000 895.000000 0.489739 0.009862 0.000000 -43.938882 11.048133 0.000000 -60.511081 
180000 900.000000 0.671642 0.013996 0.000000 -37.251050 14.705105 0.000000 -59.308708 
181000 905.000000 0.072794 0.429414 0.000000 -65.183160 13.895773 0.000000 -86.026820 
182000 910.000000 0.336721 -0.102428 0.000000 -78.582170 7.773195 0.000000 -90.241962 
183000 915.000000 -0.656288 1.219433 0.000000 -21.115022 10.309270 0.000000 -36.578926 
184000 920.000000 -0.505757 1.436634 0.000000 -2.806086 7.948105 0.000000 -14.728244 
185000 925.000000 -0.691178 1.183648 0.000000 -26.097765 6.943553 0.000000 -36.513095 
186000 930.000000 -0.557771 1.554675 0.000000 -9.781763 12.273446 0.000000 -28.191933 
187000 935.000000 -0.489332 1.464300 0.000000 -4.949127 2.102875 0.000000 -8.103440 
188000 940.000000 -0.776626 1.076313 0.000000 -36.785600 19.249686 0.000000 -65.660129 
189000 945.000000 -0.500474 1.502962 0.000000 0.006045 7.747376 0.000000 -11.615020 
190000 950.000000 -0.674930 1.398354 0.000000 -7.218549 5.172564 0.000000 -14.977395 
191000 955.000000 -0.751000 1.411517 0.000000 -24.246436 12.102066 0.000000 -42.399536 
192000 960.000000 -0.722981 1.383374 0.000000 -13.290875 8.687736 0.000000 -26.322479 
193000 965.000000 -0.752895 1.373968 0.000000 -23.128453 1.024953 0.000000 -24.665883 
194000 970.000000 0.401566 0.052214 0.000000 -47.711294 7.947433 0.000000 -59.632443 
195000 975.000000 0.679059 -0.001589 0.000000 -21.641471 42.741009 0.000000 -85.752984 
196000 980.000000 -0.399750 1.576230 0.000000 -6.016797 14.844346 0.000000 -28.283316 
197000 985.000000 -0.322491 1.523157 0.000000 -35.923700 1.584088 0.000000 -38.299833 
198000 990.000000 -0.477523 1.484170 0.000000 -6.516655 0.969019 0.000000 -7.970183 
199000 995.000000 -0.492297 1.415529 0.000000 -11.981480 2.801572 0.000000 -16.183838 
200000 1000.000000 -0.524277 1.590855 0.000000 -15.460587 11.574922 0.000000 -32.822970 
201000 1005.000000 -0.528501 1.492872 0.000000 -4.505053 3.225838 0.000000 -9.343810 
202000 1010.000000 -0.639940 1.552836 0.000000 -12.135627 52.114681 0.000000 -90.307647 
203000 1015.000000 -0.551573 1.464788 0.000000 3.298270 16.688904 0.000000 -21.735086 
204000 1020.000000 -0.581303 1.390851 0.000000 -4.725922 1.647684 0.000000 -7.197447 
205000 1025.000000 -0.630224 1.491867 0.000000 -12.450806 9.778332 0.000000 -27.118305 
206000 1030.000000 -0.648383 1.324265 0.000000 -4.191799 8.301880 0.000000 -16.644619 
207000 1035.000000 -0.898890 1.328749 0.000000 -51.565880 17.657057 0.000000 -78.051465 
208000 1040.000000 -0.533293 1.385111 0.000000 -4.395007 11.423959 0.000000 -21.530946 
209000 1045.000000 -0.454699 1.390203 0.000000 -21.099647 10.647664 0.000000 -37.071143 
210000 1050.000000 -0.414404 1.579907 0.000000 -11.643608 2.610710 0.000000 -15.559673 
211000 1055.000000 -0.586498 1.347068 0.000000 -7.553787 3.349530 0.000000 -12.578082 
212000 1060.000000 -0.607596 1.335962 0.000000 -1.052301 15.322017 0.000000 -24.035326 
213000 1065.000000 -0.701836 1.346436 0.000000 -10.061132 1.688088 0.000000 -12.593264 
214000 1070.000000 -0.666986 1.228852 0.000000 -14.926602 14.325051 0.000000 -36.414178 
215000 1075.000000 -0.584657 1.390908 0.000000 10.085311 28.779178 0.000000 -33.083455 
216000 1080.000000 -0.683802 1.496235 0.000000 -28.469376 7.020892 0.000000 -39.000714 
217000 1085.000000 -0.397193 1.653467 0.000000 -11.644184 17.021959 0.000000 -37.177122 
218000 1090.000000 -0.489863 1.553465 0.000000 -7.352868 0.045704 0.000000 -7.421424 
219000 1095.000000 -0.638372 1.341150 0.000000 0.412932 11.416667 0.000000 -16.712068 
220000 1100.000000 -0.543348 1.471301 0.000000 3.640777 10.846778 0.000000 -12.629390 
221000 1105.000000 -0.713129 1.306193 0.000000 -7.952535 2.727081 0.000000 -12.043156 
222000 1110.000000 -0.498638 1.383707 0.000000 -2.206045 24.071811 0.000000 -38.313762 
223000 1115.000000 -0.614791 1.325299 0.000000 -6.231555 1.572366 0.000000 -8.590104 
224000 1120.000000 -0.478705 1.487528 0.000000 -1.591473 4.299121 0.000000 -8.040155 
225000 1125.000000 -0.766289 1.373435 0.000000 -20.255994 7.193065 0.000000 -31.045592 
226000 1130.000000 -0.736562 1.461616 0.000000 -33.782818 4.895496 0.000000 -41.126061 
227000 1135.000000 -0.672198 1.487168 0.000000 -20.740405 6.242686 0.000000 -30.104434 
228000 1140.000000 -0.533006 1.425762 0.000000 18.751890 43.708269 0.000000 -46.810513 
229000 1145.000000 -0.420083 1.392488 0.000000 -30.675048 7.506112 0.000000 -41.934216 
230000 1150.000000 -0.532540 1.402553 0.000000 5.416027 23.500711 0.000000 -29.835039 
231000 1155.000000 -0.565505 1.394180 0.000000 -3.823237 0.480585 0.000000 -4.544114 
232000 1160.000000 -0.519335 1.445043 0.000000 18.451769 43.934359 0.000000 -47.449769 
233000 1165.000000 -0.614517 1.301996 0.000000 -8.500031 6.929707 0.000000 -18.894592 
234000 1170.000000 -0.847261 1.247366 0.000000 -16.314941 27.385129 0.000000 -57.392634 
235000 1175.000000 -0.432003 1.398300 0.000000 -19.725232 18.264880 0.000000 -47.122553 
236000 1180.000000 0.781108 0.095190 0.000000 -35.153072 40.724975 0.000000 -96.240535 
237000 1185.000000 0.386355 0.071653 0.000000 -50.828489 1.809757 0.000000 -53.543124 
238000 1190.000000 -0.462007 1.438968 0.000000 -7.452896 6.202074 0.000000 -16.756006 
239000 1195.000000 -0.656004 1.297941 0.000000 21.541436 59.099468 0.000000 -67.107766 
240000 1200.000000 -0.335653 1.709447 0.000000 -15.708287 24.348018 0.000000 -52.230314 
241000 1205.000000 -0.355736 1.613746 0.000000 -0.086787 32.516589 0.000000 -48.861671 
242000 1210.000000 -0.604251 1.345921 0.000000 -1.546822 6.313618 0.000000 -11.017249 
243000 1215.000000 -0.857486 0.074405 0.000000 -157.165018 1.067852 0.000000 -158.766796 
244000 1220.000000 -0.076503 0.298473 0.000000 -78.528672 1.415881 0.000000 -80.652493 
245000 1225.000000 -0.339138 1.630017 0.000000 -6.751266 24.940596 0.000000 -44.162160 
246000 1230.000000 -0.502074 1.493745 0.000000 0.955076 5.444661 0.000000 -7.211915 
247000 1235.000000 -0.671148 1.088207 0.000000 -55.821471 7.528257 0.000000 -67.113857 
248000 1240.000000 -0.574608 1.536748 0.000000 -12.569819 0.559331 0.000000 -13.408815 
249000 1245.000000 -0.682273 1.222485 0.000000 -17.288967 4.293995 0.000000 -23.729960 
250000 1250.000000 -0.815861 1.171304 0.000000 -10.428807 28.499061 0.000000 -53.177399 
251000 1255.000000 -0.418182 1.660982 0.000000 -7.387771 26.470442 0.000000 -47.093434 
252000 1260.000000 -0.459896 1.549786 0.000000 -5.118810 0.445348 0.000000 -5.786831 
253000 1265.000000 -0.729694 1.290100 0.000000 -9.876046 4.513077 0.000000 -16.645662 
254000 1270.000000 -0.738580 1.234523 0.000000 -14.616177 3.629308 0.000000 -20.060140 
255000 1275.000000 -0.316765 1.722787 0.000000 -32.609346 3.460868 0.000000 -37.800648 
256000 1280.000000 -0.538984 1.410422 0.000000 0.177555 11.289561 0.000000 -16.756788 
257000 1285.000000 -0.897669 1.062701 0.000000 -29.552056 30.076569 0.000000 -74.666909 
258000 1290.000000 -0.371322 1.604488 0.000000 -7.768730 20.156039 0.000000 -38.002789 
259000 1295.000000 -0.508715 1.445874 0.000000 21.520781 55.183497 0.000000 -61.254464 
260000 1300.000000 -0.492257 1.392395 0.000000 -12.967681 7.364441 0.000000 -24.014342 
261000 1305.000000 -0.794540 1.228062 0.000000 -20.392971 3.135271 0.000000 -25.095878 
262000 1310.000000 -0.494399 1.458853 0.000000 -3.256396 4.908721 0.000000 -10.619477 
263000 1315.000000 -0.196949 0.320596 0.000000 -70.106557 31.309682 0.000000 -117.071081 
264000 1320.000000 0.760594 0.023472 0.000000 -26.933505 39.178374 0.000000 -85.701066 
265000 1325.000000 -0.735845 1.482096 0.000000 -36.794701 13.966410 0.000000 -57.744316 
266000 1330.000000 -0.486715 1.408811 0.000000 -9.752840 4.691618 0.000000 -16.790267 
267000 1335.000000 -0.774302 1.211762 0.000000 -18.314674 1.536918 0.000000 -20.620052 
268000 1340.000000 -0.766739 1.339242 0.000000 -10.039177 19.910774 0.000000 -39.905337 
269000 1345.000000 -0.526254 1.621780 0.000000 -20.274562 11.529617 0.000000 -37.568988 
270000 1350.000000 -0.241002 1.678540 0.000000 -39.460752 3.031326 0.000000 -44.007741 
271000 1355.000000 -0.499504 1.559809 0.000000 -3.139224 9.251370 0.000000 -17.016278 
272000 1360.000000 -0.826697 1.068170 0.000000 -37.535409 7.799905 0.000000 -49.235266 
273000 1365.000000 -0.629335 1.378869 0.000000 17.000554 39.267647 0.000000 -41.900916 
274000 1370.000000 -0.248243 1.525988 0.000000 -59.644851 0.509722 0.000000 -60.409435 
275000 1375.000000 -0.646144 1.350883 0.000000 9.025354 24.896080 0.000000 -28.318766 
276000 1380.000000 -0.340355 1.626249 0.000000 -13.874638 10.443354 0.000000 -29.539668 
277000 1385.000000 -0.365736 1.423106 0.000000 -37.392913 10.297743 0.000000 -52.839527 
278000 1390.000000 -0.490618 1.674049 0.000000 -31.170152 8.020356 0.000000 -43.200686 
279000 1395.000000 -0.309858 1.512592 0.000000 -34.887140 10.638396 0.000000 -50.844734 
280000 1400.000000 -0.647448 1.415842 0.000000 -0.111523 12.690165 0.000000 -19.146770 
281000 1405.000000 -0.642122 1.243951 0.000000 -4.602345 29.976452 0.000000 -49.567023 
282000 1410.000000 -0.323212 1.764169 0.000000 -38.858004 6.632261 0.000000 -48.806396 
283000 1415.000000 -0.797453 1.385640 0.000000 -30.215135 12.505056 0.000000 -48.972718 
284000 1420.000000 -0.628299 1.393836 0.000000 -1.099558 1.552899 0.000000 -3.428907 
285000 1425.000000 -0.671757 1.191388 0.000000 -12.328153 32.059259 0.000000 -60.417041 
286000 1430.000000 -0.432104 1.541590 0.000000 10.794477 37.248346 0.000000 -45.078043 
287000 1435.000000 -0.743944 1.381740 0.000000 -13.683551 16.063805 0.000000 -37.779258 
288000 1440.000000 -0.453338 1.579939 0.000000 -3.936697 10.193046 0.000000 -19.226266 
289000 1445.000000 -0.269898 1.682375 0.000000 -32.587810 2.519774 0.000000 -36.367470 
290000 1450.000000 -0.568985 1.478769 0.000000 4.008594 14.163272 0.000000 -17.236314 
291000 1455.000000 -0.433570 1.599513 0.000000 9.051559 37.639989 0.000000 -47.408425 
292000 1460.000000 -0.400353 1.623280 0.000000 -12.161755 2.893433 0.000000 -16.501905 
293000 1465.000000 -0.767943 1.160289 0.000000 -23.169980 3.837463 0.000000 -28.926175 
294000 1470.000000 -0.505554 1.432401 0.000000 1.685633 11.720189 0.000000 -15.894651 
295000 1475.000000 -0.349490 1.456791 0.000000 -33.754522 10.324715 0.000000 -49.241594 
296000 1480.000000 -0.525244 1.424346 0.000000 26.204516 56.369550 0.000000 -58.349810 
297000 1485.000000 -0.751623 1.303351 0.000000 -2.627851 19.526189 0.000000 -31.917134 
298000 1490.000000 -0.444612 1.555771 0.000000 -3.925362 2.827620 0.000000 -8.166792 
299000 1495.000000 -0.632372 1.377016 0.000000 3.073561 8.495610 0.000000 -9.669854 
300000 1500.000000 -0.866041 1.172161 0.000000 -28.474643 1.354045 0.000000 -30.505710 
301000 1505.000000 -0.660795 1.250367 0.000000 -11.879624 6.390308 0.000000 -21.465086 
302000 1510.000000 -0.539872 1.377853 0.000000 -5.857542 2.139598 0.000000 -9.066940 
303000 1515.000000 -0.557278 1.588290 0.000000 -19.267292 5.961328 0.000000 -28.209284 
304000 1520.000000 -0.540756 1.578346 0.000000 -12.703820 5.355229 0.000000 -20.736664 
305000 1525.000000 -0.850559 1.344781 0.000000 -31.263562 24.137793 0.000000 -67.470252 
306000 1530.000000 -0.547486 1.427538 0.000000 3.329626 6.436043 0.000000 -6.324439 
307000 1535.000000 -0.430633 1.427024 0.000000 -13.419840 12.089479 0.000000 -31.554059 
308000 1540.000000 -0.505499 1.407129 0.000000 7.713792 27.913455 0.000000 -34.156390 
309000 1545.000000 -0.732987 1.324179 0.000000 -7.949552 2.686452 0.000000 -11.979230 
310000 1550.000000 -0.231365 1.801107 0.000000 -22.379439 59.808833 0.000000 -112.092688 
311000 1555.000000 -0.601967 1.396161 0.000000 8.302747 13.820641 0.000000 -12.428215 
312000 1560.000000 -0.564642 1.545659 0.000000 -0.653278 20.504705 0.000000 -31.410335 
313000 1565.000000 -0.479724 1.559118 0.000000 -2.574978 2.202220 0.000000 -5.878308 
314000 1570.000000 -0.522546 1.466978 0.000000 4.595847 6.918827 0.000000 -5.782394 
315000 1575.000000 -0.897643 1.194775 0.000000 -22.474271 22.882702 0.000000 -56.798325 
316000 1580.000000 -0.656054 1.395308 0.000000 3.909535 14.024227 0.000000 -17.126805 
317000 1585.000000 -0.797945 1.325107 0.000000 -18.780424 8.817189 0.000000 -32.006207 
318000 1590.000000 -0.739473 1.423034 0.000000 -22.250835 5.426632 0.000000 -30.390783 
319000 1595.000000 -0.449456 1.470668 0.000000 5.966431 23.484271 0.000000 -29.259975 
320000 1600.000000 -0.487729 1.318821 0.000000 -29.360524 0.644435 0.000000 -30.327177 
321000 1605.000000 -0.758134 1.248649 0.000000 -0.815791 21.768049 0.000000 -33.467864 
322000 1610.000000 -0.664960 1.413385 0.000000 13.209537 36.836338 0.000000 -42.044970 
323000 1615.000000 -0.580008 1.563728 0.000000 -16.021088 4.093159 0.000000 -22.160827 
324000 1620.000000 -0.523376 1.471943 0.000000 16.158215 28.197405 0.000000 -26.137893 
325000 1625.000000 -0.440072 1.472505 0.000000 18.511667 51.594668 0.000000 -58.880334 
326000 1630.000000 -0.606986 1.429440 0.000000 21.439045 42.473061 0.000000 -42.270546 
327000 1635.000000 0.331082 0.028931 0.000000 -49.033601 10.810258 0.000000 -65.248988 
328000 1640.000000 -0.471060 1.593771 0.000000 -6.894427 2.357092 0.000000 -10.430065 
329000 1645.000000 -0.593142 1.439969 0.000000 0.648603 0.250948 0.000000 0.272182 
330000 1650.000000 -0.604972 1.306269 0.000000 8.064842 33.225654 0.000000 -41.773639 
331000 1655.000000 -0.717444 1.412726 0.000000 -15.290182 3.166654 0.000000 -20.040163 
332000 1660.000000 -0.416570 1.531665 0.000000 6.573013 27.784790 0.000000 -35.104172 
333000 1665.000000 -0.485848 1.488155 0.000000 9.437653 21.198595 0.000000 -22.360239 
334000 1670.000000 -0.557197 1.436602 0.000000 6.369740 11.167458 0.000000 -10.381446 
335000 1675.000000 -0.415743 1.534547 0.000000 -6.524461 1.604750 0.000000 -8.931586 
336000 1680.000000 -0.735914 1.463340 0.000000 -29.512960 12.611979 0.000000 -48.430928 
337000 1685.000000 -0.431627 1.427737 0.000000 -16.892952 5.127255 0.000000 -24.583835 
338000 1690.000000 -0.660136 1.438371 0.000000 -9.253043 0.183989 0.000000 -9.529027 
339000 1695.000000 -0.396445 1.652132 0.000000 -11.839420 8.209414 0.000000 -24.153541 
340000 1700.000000 -0.319145 1.547171 0.000000 -24.215276 6.986801 0.000000 -34.695478 
341000 1705.000000 -0.570918 1.566434 0.000000 0.066181 35.226401 0.000000 -52.773421 
342000 1710.000000 -0.726969 1.473933 0.000000 -35.032021 0.479732 0.000000 -35.751620 
343000 1715.000000 -0.842836 1.108219 0.000000 -19.138515 23.660072 0.000000 -54.628622 
344000 1720.000000 -0.617314 1.252913 0.000000 -14.695255 7.914025 0.000000 -26.566292 
345000 1725.000000 -0.361308 1.399097 0.000000 -45.724565 6.518137 0.000000 -55.501771 
346000 1730.000000 -0.701371 1.260649 0.000000 -2.916244 12.618530 0.000000 -21.844040 
347000 1735.000000 -0.457888 1.382301 0.000000 -18.379563 7.319220 0.000000 -29.358393 
348000 1740.000000 -0.499138 1.424340 0.000000 -0.149529 8.506781 0.000000 -12.909700 
349000 1745.000000 -0.495170 1.483182 0.000000 3.290323 7.131471 0.000000 -7.406883 
350000 1750.000000 -0.432162 1.309839 0.000000 -48.459156 9.833882 0.000000 -63.209979 
351000 1755.000000 -0.561423 1.430360 0.000000 4.516019 6.218886 0.000000 -4.812310 
352000 1760.000000 -0.562474 1.423283 0.000000 9.534075 17.684275 0.000000 -16.992337 
353000 1765.000000 -0.561539 1.482732 0.000000 -1.470601 0.577037 0.000000 -2.336157 
354000 1770.000000 -0.691610 1.348340 0.000000 -4.297267 4.513289 0.000000 -11.067201 
355000 1775.000000 -0.407412 1.631776 0.000000 20.331551 70.107757 0.000000 -84.830084 
356000 1780.000000 -0.635546 1.261606 0.000000 13.075906 60.149368 0.000000 -77.148145 
357000 1785.000000 0.726820 -0.014277 0.000000 -34.579199 21.627641 0.000000 -67.020661 
358000 1790.000000 0.617696 0.134490 0.000000 -50.088179 7.370658 0.000000 -61.144166 
359000 1795.000000 -0.416450 0.106191 0.000000 -125.982809 4.390564 0.000000 -132.568655 
360000 1800.000000 -0.541536 1.405844 0.000000 -3.153179 2.301031 0.000000 -6.604726 
361000 1805.000000 -0.983583 1.125181 0.000000 -49.555300 6.131735 0.000000 -58.752902 
362000 1810.000000 -0.819384 1.389088 0.000000 -40.434514 11.897559 0.000000 -58.280852 
363000 1815.000000 -0.998407 1.173482 0.000000 -55.505656 11.679883 0.000000 -73.025480 
364000 1820.000000 -0.324295 1.638095 0.000000 -20.715724 5.074519 0.000000 -28.327502 
365000 1825.000000 -0.627270 1.457691 0.000000 -2.274198 12.059630 0.000000 -20.363643 
366000 1830.000000 -0.561330 1.453925 0.000000 10.267156 23.886343 0.000000 -25.562358 
367000 1835.000000 -0.536718 1.581068 0.000000 4.897917 45.468639 0.000000 -63.305041 
368000 1840.000000 -0.494735 1.479517 0.000000 0.162423 7.358779 0.000000 -10.875745 
369000 1845.000000 -0.659468 1.387521 0.000000 1.685970 16.674223 0.000000 -23.325364 
370000 1850.000000 0.771859 0.062032 0.000000 -49.720668 0.519597 0.000000 -50.500064 
371000 1855.000000 0.331570 0.335308 0.000000 -72.212857 14.386836 0.000000 -93.793111 
372000 1860.000000 0.799466 -0.003500 0.000000 -48.497706 3.698734 0.000000 -54.045807 
373000 1865.000000 -0.816047 1.170194 0.000000 -11.698223 25.475574 0.000000 -49.911584 
374000 1870.000000 -0.788966 1.298904 0.000000 -12.014864 16.466639 0.000000 -36.714823 
375000 1875.000000 -0.549400 1.360564 0.000000 1.760713 20.913027 0.000000 -29.608827 
376000 1880.000000 -0.656649 1.372908 0.000000 -1.447639 6.236210 0.000000 -10.801953 
377000 1885.000000 -0.682534 1.590471 0.000000 -56.333353 9.079688 0.000000 -69.952885 
378000 1890.000000 -0.447470 1.596514 0.000000 -7.628182 4.863329 0.000000 -14.923175 
379000 1895.000000 -0.482355 1.512100 0.000000 -1.315679 2.687245 0.000000 -5.346547 
380000 1900.000000 -0.792506 1.261019 0.000000 -13.981048 8.263120 0.000000 -26.375728 
381000 1905.000000 -0.515553 1.443726 0.000000 1.155941 5.211905 0.000000 -6.661916 
382000 1910.000000 -0.414993 1.629639 0.000000 -12.920163 2.386904 0.000000 -16.500519 
383000 1915.000000 -0.618766 1.322253 0.000000 3.889854 20.577085 0.000000 -26.975773 
384000 1920.000000 -0.342283 1.586415 0.000000 -10.243403 17.254550 0.000000 -36.125228 
385000 1925.000000 -0.443478 1.256629 0.000000 -64.485625 7.394421 0.000000 -75.577256 
386000 1930.000000 -0.544897 1.489570 0.000000 4.262997 10.748594 0.000000 -11.859894 
387000 1935.000000 -0.634443 0.862316 0.000000 -114.269128 2.922225 0.000000 -118.652466 
388000 1940.000000 -0.741727 1.361192 0.000000 -0.979778 25.969920 0.000000 -39.934658 
389000 1945.000000 -0.440899 1.543932 0.000000 3.045981 11.927887 0.000000 -14.845850 
390000 1950.000000 -0.629739 1.425940 0.000000 3.059078 8.133204 0.000000 -9.140727 
391000 1955.000000 -0.470147 1.519108 0.000000 7.299747 12.939237 0.000000 -12.109108 
392000 1960.000000 -0.735943 1.349382 0.000000 -2.742323 14.326038 0.000000 -24.231380 
393000 1965.000000 -0.911631 0.925905 0.000000 -60.256641 1.987520 0.000000 -63.237921 
394000 1970.000000 -0.468789 1.520624 0.000000 3.604340 7.342053 0.000000 -7.408738 
395000 1975.000000 -0.314750 1.725062 0.000000 -19.584724 19.127934 0.000000 -48.276626 
396000 1980.000000 -0.418814 1.552934 0.000000 -4.356627 0.278041 0.000000 -4.773688 
397000 1985.000000 -0.534030 1.364256 0.000000 -6.107701 0.980680 0.000000 -7.578721 
398000 1990.000000 -0.585726 1.547733 0.000000 -12.231121 3.742566 0.000000 -17.844970 
399000 1995.000000 -0.793940 1.340866 0.000000 -16.926179 12.602320 0.000000 -35.829660 
400000 2000.000000 -0.782399 1.350691 0.000000 -5.363405 32.403940 0.000000 -53.969315 
401000 2005.000000 -0.580471 1.559910 0.000000 -11.985407 8.884248 0.000000 -25.311779 
402000 2010.000000 -0.813957 1.277314 0.000000 -8.392737 22.870312 0.000000 -42.698206 
403000 2015.000000 -0.765368 1.232855 0.000000 -4.011461 16.525772 0.000000 -28.800118 
404000 2020.000000 -0.594161 1.178429 0.000000 -44.593384 2.289284 0.000000 -48.027311 
405000 2025.000000 -0.751774 1.167818 0.000000 -20.137271 2.545295 0.000000 -23.955214 
406000 2030.000000 -0.404437 1.626962 0.000000 3.064254 26.485087 0.000000 -36.663377 
407000 2035.000000 -0.593839 1.508552 0.000000 7.430411 28.625572 0.000000 -35.507946 
408000 2040.000000 -0.926774 1.276101 0.000000 -45.936499 11.420818 0.000000 -63.067726 
409000 2045.000000 -0.574845 1.411175 0.000000 7.686184 9.815158 0.000000 -7.036553 
410000 2050.000000 -0.738510 1.321528 0.000000 -2.206749 12.952701 0.000000 -21.635800 
411000 2055.000000 -0.515366 1.376133 0.000000 2.942789 23.229445 0.000000 -31.901377 
412000 2060.000000 -0.601249 1.358482 0.000000 13.822473 27.296095 0.000000 -27.121670 
413000 2065.000000 -0.664371 1.509937 0.000000 -20.088724 8.382423 0.000000 -32.662358 
414000 2070.000000 -0.855669 1.166778 0.000000 -3.869452 40.936088 0.000000 -65.273584 
415000 2075.000000 -0.347980 1.512716 0.000000 -18.467403 7.735071 0.000000 -30.070010 
416000 2080.000000 -0.372758 1.545328 0.000000 -9.471840 4.130820 0.000000 -15.668070 
417000 2085.000000 -0.618912 1.331969 0.000000 32.627523 68.425294 0.000000 -70.010417 
418000 2090.000000 -0.516995 1.511635 0.000000 11.889570 20.101246 0.000000 -18.262299 
419000 2095.000000 -0.702544 1.131401 0.000000 -20.363414 29.519331 0.000000 -64.642411 
420000 2100.000000 -0.773240 1.390116 0.000000 -21.458518 9.345997 0.000000 -35.477513 
421000 2105.000000 -0.511453 1.551661 0.000000 2.360042 11.096030 0.000000 -14.284003 
422000 2110.000000 -0.524725 1.493645 0.000000 12.820441 20.562368 0.000000 -18.023111 
423000 2115.000000 -0.569357 1.343801 0.000000 -5.435125 1.839080 0.000000 -8.193744 
424000 2120.000000 -0.706305 1.377046 0.000000 -1.033567 15.508688 0.000000 -24.296598 
425000 2125.000000 -0.769483 1.247658 0.000000 -10.371746 4.298686 0.000000 -16.819775 
426000 2130.000000 -0.370355 1.511293 0.000000 -6.915410 21.591862 0.000000 -39.303203 
427000 2135.000000 -0.450460 1.560911 0.000000 -0.957954 4.660207 0.000000 -7.948264 
428000 2140.000000 -0.669195 1.401240 0.000000 1.042107 10.973545 0.000000 -15.418210 
429000 2145.000000 -0.546436 1.409789 0.000000 11.090093 20.844966 0.000000 -20.177355 
430000 2150.000000 -0.548243 1.412614 0.000000 14.244161 27.168712 0.000000 -26.508908 
431000 2155.000000 -0.531154 1.432277 0.000000 4.935421 7.772962 0.000000 -6.724022 
432000 2160.000000 -0.623389 1.479044 0.000000 -0.044828 15.406035 0.000000 -23.153881 
433000 2165.000000 -0.708818 1.194235 0.000000 -12.296455 13.478995 0.000000 -32.514948 
434000 2170.000000 -0.529605 1.523850 0.000000 -0.195774 1.292239 0.000000 -2.134132 
435000 2175.000000 -0.618528 1.417877 0.000000 9.432613 15.291799 0.000000 -13.505087 
436000 2180.000000 -0.501735 1.516108 0.000000 2.090596 3.148753 0.000000 -2.632533 
437000 2185.000000 -0.762358 1.270493 0.000000 11.214949 45.107498 0.000000 -56.446299 
438000 2190.000000 -0.577445 1.431225 0.000000 6.369798 8.556288 0.000000 -6.464634 
439000 2195.000000 -0.365078 1.515777 0.000000 -17.583562 1.801987 0.000000 -20.286542 
440000 2200.000000 -0.475400 1.603141 0.000000 -4.685242 8.808112 0.000000 -17.897410 
441000 2205.000000 -0.516094 1.547738 0.000000 -0.785259 5.059995 0.000000 -8.375252 
442000 2210.000000 -0.447805 1.553035 0.000000 20.093832 46.469593 0.000000 -49.610558 
443000 2215.000000 -0.617641 1.165934 0.000000 -41.093270 6.406315 0.000000 -50.702742 
444000 2220.000000 -0.633078 1.463381 0.000000 -3.791426 6.874943 0.000000 -14.103841 
445000 2225.000000 -0.706078 1.283159 0.000000 -7.500392 0.407123 0.000000 -8.111076 
446000 2230.000000 -0.781947 1.192688 0.000000 -17.087861 3.549922 0.000000 -22.412745 
447000 2235.000000 -0.495722 1.521546 0.000000 5.847259 14.492329 0.000000 -15.891236 
448000 2240.000000 -0.301981 1.510561 0.000000 -25.693424 30.378340 0.000000 -71.260935 
449000 2245.000000 -0.647307 1.323331 0.000000 2.560223 12.704622 0.000000 -16.496709 
450000 2250.000000 -0.595380 1.387947 0.000000 5.019764 9.396218 0.000000 -9.074562 
451000 2255.000000 -0.515261 1.534938 0.000000 2.538759 11.850411 0.000000 -15.236857 
452000 2260.000000 -0.492109 1.427710 0.000000 -3.951090 3.405907 0.000000 -9.059951 
453000 2265.000000 -0.369563 1.749832 0.000000 -38.745236 0.110368 0.000000 -38.910788 
454000 2270.000000 -0.680687 1.212308 0.000000 -18.316322 2.874066 0.000000 -22.627421 
455000 2275.000000 -0.285270 1.685681 0.000000 0.707131 58.642198 0.000000 -87.256166 
456000 2280.000000 -0.708013 1.222499 0.000000 -8.747508 12.912329 0.000000 -28.116002 
457000 2285.000000 -0.789232 1.341815 0.000000 -21.513060 4.671618 0.000000 -28.520487 
458000 2290.000000 -0.362195 1.722330 0.000000 -3.833060 52.800737 0.000000 -83.034166 
459000 2295.000000 -0.714947 1.163525 0.000000 -22.581225 9.109423 0.000000 -36.245360 
460000 2300.000000 -0.626951 1.328774 0.000000 8.115992 25.950713 0.000000 -30.810079 
461000 2305.000000 -0.493899 1.527845 0.000000 23.197629 53.636115 0.000000 -57.256544 
462000 2310.000000 -0.674491 1.325178 0.000000 -6.149903 0.968997 0.000000 -7.603399 
463000 2315.000000 -0.565374 1.420991 0.000000 6.667828 16.546770 0.000000 -18.152327 
464000 2320.000000 -0.354484 1.609232 0.000000 -5.434546 26.103951 0.000000 -44.590472 
465000 2325.000000 -0.640561 1.406799 0.000000 -0.412453 10.237257 0.000000 -15.768338 
466000 2330.000000 -0.599220 1.285400 0.000000 -16.690389 2.029323 0.000000 -19.734374 
467000 2335.000000 -0.673099 1.399517 0.000000 -4.911314 10.573489 0.000000 -20.771547 
468000 2340.000000 -0.427197 1.566302 0.000000 -8.999025 1.513630 0.000000 -11.269470 
469000 2345.000000 -0.622060 1.356545 0.000000 10.311021 31.258202 0.000000 -36.576282 
470000 2350.000000 -0.655057 1.246827 0.000000 -10.778018 16.786652 0.000000 -35.957996 
471000 2355.000000 -0.601347 1.429661 0.000000 20.107807 48.469495 0.000000 -52.596435 
472000 2360.000000 -0.634480 1.406952 0.000000 -0.664176 10.818534 0.000000 -16.891977 
473000 2365.000000 -0.887841 1.085466 0.000000 -36.722244 6.529411 0.000000 -46.516360 
474000 2370.000000 -0.395547 1.804229 0.000000 -61.175236 10.149751 0.000000 -76.399863 
475000 2375.000000 -0.526487 1.427205 0.000000 -3.075899 4.279064 0.000000 -9.494495 
476000 2380.000000 -0.813585 1.292422 0.000000 -20.022516 14.589015 0.000000 -41.906039 
477000 2385.000000 -0.559794 1.371585 0.000000 16.683316 48.992509 0.000000 -56.805447 
478000 2390.000000 -0.876445 1.293199 0.000000 -40.566793 7.821516 0.000000 -52.299067 
479000 2395.000000 -0.801049 1.380743 0.000000 -36.815352 4.166317 0.000000 -43.064828 
480000 2400.000000 -0.469251 1.492492 0.000000 14.548327 42.812492 0.000000 -49.670411 
481000 2405.000000 -0.479359 1.480611 0.000000 8.475779 28.819745 0.000000 -34.753839 
482000 2410.000000 -0.409521 1.550163 0.000000 -8.050942 6.095043 0.000000 -17.193506 
483000 2415.000000 -0.783487 0.570184 0.000000 -106.620915 0.684926 0.000000 -107.648305 
484000 2420.000000 0.540444 -0.030006 0.000000 -43.485404 9.249571 0.000000 -57.359761 
485000 2425.000000 0.460312 0.017100 0.000000 -42.261756 10.550137 0.000000 -58.086961 
486000 2430.000000 0.116406 0.585724 0.000000 -62.577095 43.755976 0.000000 -128.211059 
487000 2435.000000 0.055105 0.138231 0.000000 -63.633706 44.413670 0.000000 -130.254211 
488000 2440.000000 -0.528311 1.414552 0.000000 7.137584 25.452694 0.000000 -31.041457 
489000 2445.000000 -0.685756 1.530719 0.000000 -37.060485 12.716174 0.000000 -56.134746 
490000 2450.000000 -0.797403 1.180064 0.000000 -25.176604 0.646208 0.000000 -26.145916 
491000 2455.000000 -0.749520 1.296003 0.000000 -2.963284 25.265929 0.000000 -40.862177 
492000 2460.000000 -0.672086 1.372649 0.000000 -8.499544 0.473265 0.000000 -9.209442 
493000 2465.000000 0.568491 -0.044167 0.000000 -39.759559 22.358499 0.000000 -73.297307 
494000 2470.000000 -0.614973 1.381074 0.000000 6.125071 23.892955 0.000000 -29.714362 
495000 2475.000000 -0.663061 1.254584 0.000000 -11.776640 12.492388 0.000000 -30.515222 
496000 2480.000000 -0.213493 1.862573 0.000000 -71.449979 8.087628 0.000000 -83.581421 
497000 2485.000000 -0.850791 1.209748 0.000000 -19.914309 20.781210 0.000000 -51.086125 
498000 2490.000000 -0.548639 1.434891 0.000000 -1.729292 3.960146 0.000000 -7.669511 
499000 2495.000000 -0.352188 1.508288 0.000000 -26.624864 5.661176 0.000000 -35.116628 
